## SMART-DISPATCH - Started on: 2016-07-26 14:05:32 ##
## SMART-DISPATCH - Command: THEANO_FLAGS=device=gpu,floatX=float32 python segae_gaereg.py 300 150 4000 30 0.01 0.1 0.5 300 50 100 12 0.1
Loading data ...
Building network ...
Number of params: 107527783
Computing updates ...
Compiling functions ...
BEFORE TRAINING: dev cost 1.111686, error 0.661117
Training ...
Sample 5000 0.01s, lr 46.7330, train cost 1.099244, error 0.603000
Sample 10000 0.01s, lr 47.0766, train cost 1.022081, error 0.525800
Sample 15000 0.01s, lr 47.1163, train cost 0.985743, error 0.489867
Sample 20000 0.01s, lr 46.5635, train cost 0.955836, error 0.465150
Sample 25000 0.01s, lr 46.5196, train cost 0.932556, error 0.446520
Sample 30000 0.01s, lr 46.2831, train cost 0.915732, error 0.433833
Sample 35000 0.01s, lr 47.0932, train cost 0.898536, error 0.420971
Sample 40000 0.01s, lr 46.5812, train cost 0.885116, error 0.410825
Sample 45000 0.01s, lr 46.8911, train cost 0.871654, error 0.401822
Sample 50000 0.01s, lr 45.7500, train cost 0.859113, error 0.392940
Sample 55000 0.01s, lr 46.3923, train cost 0.847230, error 0.385309
Sample 60000 0.01s, lr 46.1202, train cost 0.837725, error 0.378567
Sample 65000 0.01s, lr 45.8756, train cost 0.829554, error 0.373092
Sample 70000 0.01s, lr 46.7697, train cost 0.821547, error 0.367471
Sample 75000 0.01s, lr 45.8221, train cost 0.813338, error 0.362227
Sample 80000 0.01s, lr 46.3019, train cost 0.806967, error 0.357838
Sample 85000 0.01s, lr 46.9485, train cost 0.799708, error 0.353282
Sample 90000 0.01s, lr 46.4543, train cost 0.793680, error 0.349556
Sample 95000 0.01s, lr 46.5470, train cost 0.788144, error 0.345800
Sample 100000 0.01s, lr 46.6414, train cost 0.782976, error 0.342650
***dev cost 0.645087, error 0.262335
Sample 105000 0.01s, lr 71.3004, train cost 0.778752, error 0.339895
Sample 110000 0.01s, lr 46.6130, train cost 0.774050, error 0.337245
Sample 115000 0.01s, lr 46.3196, train cost 0.769740, error 0.334617
Sample 120000 0.01s, lr 47.0032, train cost 0.765564, error 0.331975
Sample 125000 0.01s, lr 47.2087, train cost 0.761401, error 0.329640
Sample 130000 0.01s, lr 47.1069, train cost 0.756957, error 0.327031
Sample 135000 0.01s, lr 47.1248, train cost 0.753060, error 0.324807
Sample 140000 0.01s, lr 46.5892, train cost 0.749205, error 0.322521
Sample 145000 0.01s, lr 45.9116, train cost 0.745449, error 0.320345
Sample 150000 0.01s, lr 46.9294, train cost 0.742438, error 0.318527
Sample 155000 0.01s, lr 46.5591, train cost 0.739152, error 0.316581
Sample 160000 0.01s, lr 46.2867, train cost 0.736029, error 0.314906
Sample 165000 0.01s, lr 46.1986, train cost 0.733485, error 0.313612
Sample 170000 0.01s, lr 46.2074, train cost 0.730962, error 0.312059
Sample 175000 0.01s, lr 46.5522, train cost 0.728388, error 0.310606
Sample 180000 0.01s, lr 46.2430, train cost 0.725995, error 0.309289
Sample 185000 0.01s, lr 47.4198, train cost 0.723266, error 0.307665
Sample 190000 0.01s, lr 46.3253, train cost 0.720400, error 0.306021
Sample 195000 0.01s, lr 47.5690, train cost 0.717642, error 0.304446
Sample 200000 0.01s, lr 46.6785, train cost 0.715272, error 0.302955
***dev cost 0.571977, error 0.225888
Sample 205000 0.01s, lr 72.0596, train cost 0.712789, error 0.301595
Sample 210000 0.01s, lr 46.7402, train cost 0.710268, error 0.300124
Sample 215000 0.01s, lr 47.2116, train cost 0.708220, error 0.298786
Sample 220000 0.01s, lr 46.6912, train cost 0.705792, error 0.297386
Sample 225000 0.01s, lr 46.5774, train cost 0.703464, error 0.296022
Sample 230000 0.01s, lr 46.9191, train cost 0.701572, error 0.295100
Sample 235000 0.01s, lr 46.5606, train cost 0.699306, error 0.293830
Sample 240000 0.01s, lr 46.7076, train cost 0.697467, error 0.292737
Sample 245000 0.01s, lr 47.1308, train cost 0.695213, error 0.291612
Sample 250000 0.01s, lr 46.7388, train cost 0.693459, error 0.290748
Sample 255000 0.01s, lr 46.7046, train cost 0.691226, error 0.289502
Sample 260000 0.01s, lr 47.2968, train cost 0.689075, error 0.288465
Sample 265000 0.01s, lr 46.5043, train cost 0.687059, error 0.287400
Sample 270000 0.01s, lr 46.9481, train cost 0.685499, error 0.286593
Sample 275000 0.01s, lr 48.0239, train cost 0.683467, error 0.285607
Sample 280000 0.01s, lr 47.5963, train cost 0.681671, error 0.284707
Sample 285000 0.01s, lr 46.5209, train cost 0.679848, error 0.283667
Sample 290000 0.01s, lr 47.3746, train cost 0.677849, error 0.282697
Sample 295000 0.01s, lr 46.8604, train cost 0.676389, error 0.281875
Sample 300000 0.01s, lr 46.4203, train cost 0.674865, error 0.281023
***dev cost 0.548888, error 0.213909
Sample 305000 0.01s, lr 70.8642, train cost 0.673584, error 0.280400
Sample 310000 0.01s, lr 47.0966, train cost 0.672145, error 0.279597
Sample 315000 0.01s, lr 47.3238, train cost 0.670925, error 0.278857
Sample 320000 0.01s, lr 47.0311, train cost 0.669458, error 0.277987
Sample 325000 0.01s, lr 46.1852, train cost 0.667866, error 0.277200
Sample 330000 0.01s, lr 46.3275, train cost 0.666851, error 0.276579
Sample 335000 0.01s, lr 47.1156, train cost 0.665364, error 0.275803
Sample 340000 0.01s, lr 46.4595, train cost 0.663880, error 0.274962
Sample 345000 0.01s, lr 46.6682, train cost 0.662143, error 0.274078
Sample 350000 0.01s, lr 46.9461, train cost 0.660631, error 0.273374
Sample 355000 0.01s, lr 46.6766, train cost 0.659238, error 0.272614
Sample 360000 0.01s, lr 46.8144, train cost 0.658038, error 0.271964
Sample 365000 0.01s, lr 47.1740, train cost 0.656766, error 0.271318
Sample 370000 0.01s, lr 46.2488, train cost 0.655403, error 0.270584
Sample 375000 0.01s, lr 46.0901, train cost 0.653968, error 0.269899
Sample 380000 0.01s, lr 46.8902, train cost 0.652689, error 0.269213
Sample 385000 0.01s, lr 46.1067, train cost 0.651374, error 0.268532
Sample 390000 0.01s, lr 46.1504, train cost 0.650288, error 0.267859
Sample 395000 0.01s, lr 47.3567, train cost 0.649528, error 0.267403
Sample 400000 0.01s, lr 46.5834, train cost 0.648219, error 0.266660
***dev cost 0.506846, error 0.195838
Sample 405000 0.01s, lr 71.8991, train cost 0.647169, error 0.266123
Sample 410000 0.01s, lr 46.2981, train cost 0.646305, error 0.265620
Sample 415000 0.01s, lr 46.8327, train cost 0.645142, error 0.265000
Sample 420000 0.01s, lr 46.7332, train cost 0.643997, error 0.264421
Sample 425000 0.01s, lr 46.1292, train cost 0.642954, error 0.263951
Sample 430000 0.01s, lr 46.4293, train cost 0.641857, error 0.263391
Sample 435000 0.01s, lr 47.6336, train cost 0.640940, error 0.262853
Sample 440000 0.01s, lr 46.2381, train cost 0.639774, error 0.262198
Sample 445000 0.01s, lr 47.3502, train cost 0.638618, error 0.261640
Sample 450000 0.01s, lr 46.4728, train cost 0.637538, error 0.261091
Sample 455000 0.01s, lr 47.3041, train cost 0.636525, error 0.260593
Sample 460000 0.01s, lr 46.4393, train cost 0.635406, error 0.259978
Sample 465000 0.01s, lr 46.5051, train cost 0.634302, error 0.259385
Sample 470000 0.01s, lr 46.9840, train cost 0.633236, error 0.258887
Sample 475000 0.01s, lr 46.3165, train cost 0.632303, error 0.258373
Sample 480000 0.01s, lr 46.5173, train cost 0.631290, error 0.257873
Sample 485000 0.01s, lr 46.8640, train cost 0.630457, error 0.257402
Sample 490000 0.01s, lr 46.9887, train cost 0.629533, error 0.256933
Sample 495000 0.01s, lr 46.7632, train cost 0.628586, error 0.256469
Sample 500000 0.01s, lr 47.1429, train cost 0.627579, error 0.255978
***dev cost 0.483174, error 0.180000
Sample 505000 0.01s, lr 72.2631, train cost 0.626782, error 0.255527
Sample 510000 0.01s, lr 46.4236, train cost 0.625882, error 0.255090
Sample 515000 0.01s, lr 45.9547, train cost 0.624860, error 0.254594
Sample 520000 0.01s, lr 46.8205, train cost 0.623925, error 0.254085
Sample 525000 0.01s, lr 46.6215, train cost 0.623031, error 0.253608
Sample 530000 0.01s, lr 47.0937, train cost 0.622030, error 0.253068
Sample 535000 0.01s, lr 46.8858, train cost 0.621196, error 0.252589
Sample 540000 0.01s, lr 47.2414, train cost 0.620184, error 0.252069
Sample 545000 0.01s, lr 47.1178, train cost 0.619250, error 0.251615
epoch 0, cost: train 0.618640 dev 0.485460 test 0.484206;
         error train 0.251274 dev 0.184061 test 0.185279
Sample 5000 0.01s, lr 46.1198, train cost 0.520609, error 0.201000
Sample 10000 0.01s, lr 47.0139, train cost 0.508488, error 0.194700
Sample 15000 0.01s, lr 47.0686, train cost 0.513176, error 0.197533
Sample 20000 0.01s, lr 46.5270, train cost 0.512497, error 0.196550
Sample 25000 0.01s, lr 46.5008, train cost 0.511590, error 0.196320
Sample 30000 0.01s, lr 46.2856, train cost 0.512424, error 0.196833
Sample 35000 0.01s, lr 47.1010, train cost 0.512012, error 0.196771
Sample 40000 0.01s, lr 46.5587, train cost 0.511366, error 0.196050
Sample 45000 0.01s, lr 46.9056, train cost 0.509563, error 0.195356
Sample 50000 0.01s, lr 45.7494, train cost 0.505426, error 0.193120
Sample 55000 0.01s, lr 46.3727, train cost 0.501935, error 0.191745
Sample 60000 0.01s, lr 46.1190, train cost 0.501051, error 0.191000
Sample 65000 0.01s, lr 45.9009, train cost 0.500865, error 0.191015
Sample 70000 0.01s, lr 46.7332, train cost 0.500504, error 0.191343
Sample 75000 0.01s, lr 45.7689, train cost 0.498577, error 0.190493
Sample 80000 0.01s, lr 46.0389, train cost 0.497830, error 0.190250
Sample 85000 0.01s, lr 46.7141, train cost 0.496272, error 0.189565
Sample 90000 0.01s, lr 46.2349, train cost 0.495756, error 0.189389
Sample 95000 0.01s, lr 46.2854, train cost 0.495134, error 0.189042
Sample 100000 0.01s, lr 46.3579, train cost 0.494889, error 0.188810
***dev cost 0.468794, error 0.177462
Sample 105000 0.01s, lr 70.8780, train cost 0.494649, error 0.188467
Sample 110000 0.01s, lr 46.3785, train cost 0.493625, error 0.188055
Sample 115000 0.01s, lr 46.0682, train cost 0.492946, error 0.187826
Sample 120000 0.01s, lr 46.7725, train cost 0.492715, error 0.187708
Sample 125000 0.01s, lr 46.9012, train cost 0.492036, error 0.187392
Sample 130000 0.01s, lr 46.8304, train cost 0.491187, error 0.187038
Sample 135000 0.01s, lr 46.8603, train cost 0.490331, error 0.186674
Sample 140000 0.01s, lr 46.3438, train cost 0.489085, error 0.186229
Sample 145000 0.01s, lr 45.6695, train cost 0.488337, error 0.185993
Sample 150000 0.01s, lr 46.6740, train cost 0.488213, error 0.185907
Sample 155000 0.01s, lr 46.3046, train cost 0.488033, error 0.185910
Sample 160000 0.01s, lr 46.0453, train cost 0.487563, error 0.185775
Sample 165000 0.01s, lr 45.9549, train cost 0.487685, error 0.185842
Sample 170000 0.01s, lr 45.9781, train cost 0.487607, error 0.185906
Sample 175000 0.01s, lr 46.3104, train cost 0.487675, error 0.185897
Sample 180000 0.01s, lr 45.9959, train cost 0.487540, error 0.185917
Sample 185000 0.01s, lr 47.1639, train cost 0.486960, error 0.185724
Sample 190000 0.01s, lr 46.0559, train cost 0.486353, error 0.185437
Sample 195000 0.01s, lr 47.2959, train cost 0.485540, error 0.184938
Sample 200000 0.01s, lr 46.4198, train cost 0.485176, error 0.184670
***dev cost 0.460582, error 0.174822
Sample 205000 0.01s, lr 71.5062, train cost 0.484614, error 0.184512
Sample 210000 0.01s, lr 46.4740, train cost 0.483910, error 0.184252
Sample 215000 0.01s, lr 46.9983, train cost 0.483720, error 0.184098
Sample 220000 0.01s, lr 46.3755, train cost 0.483158, error 0.183786
Sample 225000 0.01s, lr 46.3810, train cost 0.482589, error 0.183551
Sample 230000 0.01s, lr 46.6692, train cost 0.482336, error 0.183526
Sample 235000 0.01s, lr 46.3407, train cost 0.481743, error 0.183277
Sample 240000 0.01s, lr 46.4830, train cost 0.481439, error 0.182987
Sample 245000 0.01s, lr 46.8782, train cost 0.480739, error 0.182698
Sample 250000 0.01s, lr 46.4739, train cost 0.480709, error 0.182728
Sample 255000 0.01s, lr 46.4326, train cost 0.480186, error 0.182471
Sample 260000 0.01s, lr 47.0455, train cost 0.479363, error 0.182065
Sample 265000 0.01s, lr 46.2653, train cost 0.478793, error 0.181868
Sample 270000 0.01s, lr 46.6741, train cost 0.478730, error 0.181833
Sample 275000 0.01s, lr 47.7613, train cost 0.477985, error 0.181509
Sample 280000 0.01s, lr 47.3525, train cost 0.477406, error 0.181286
Sample 285000 0.01s, lr 46.2848, train cost 0.476781, error 0.180986
Sample 290000 0.01s, lr 47.1164, train cost 0.476125, error 0.180721
Sample 295000 0.01s, lr 46.6187, train cost 0.476027, error 0.180685
Sample 300000 0.01s, lr 46.1912, train cost 0.475598, error 0.180443
***dev cost 0.459654, error 0.174416
Sample 305000 0.01s, lr 70.3680, train cost 0.475520, error 0.180518
Sample 310000 0.01s, lr 46.8262, train cost 0.475257, error 0.180342
Sample 315000 0.01s, lr 47.1022, train cost 0.475179, error 0.180244
Sample 320000 0.01s, lr 46.8208, train cost 0.474825, error 0.180109
Sample 325000 0.01s, lr 45.9238, train cost 0.474162, error 0.179794
Sample 330000 0.01s, lr 46.0818, train cost 0.474272, error 0.179842
Sample 335000 0.01s, lr 46.8897, train cost 0.473936, error 0.179719
Sample 340000 0.01s, lr 46.2509, train cost 0.473554, error 0.179515
Sample 345000 0.01s, lr 46.4351, train cost 0.472807, error 0.179229
Sample 350000 0.01s, lr 46.6738, train cost 0.472290, error 0.178997
Sample 355000 0.01s, lr 46.4276, train cost 0.471905, error 0.178828
Sample 360000 0.01s, lr 46.5784, train cost 0.471705, error 0.178714
Sample 365000 0.01s, lr 46.9106, train cost 0.471311, error 0.178548
Sample 370000 0.01s, lr 46.0183, train cost 0.470924, error 0.178403
Sample 375000 0.01s, lr 45.8304, train cost 0.470464, error 0.178149
Sample 380000 0.01s, lr 46.6337, train cost 0.470187, error 0.178021
Sample 385000 0.01s, lr 45.8915, train cost 0.469879, error 0.177818
Sample 390000 0.01s, lr 45.9214, train cost 0.469654, error 0.177710
Sample 395000 0.01s, lr 47.1335, train cost 0.469821, error 0.177770
Sample 400000 0.01s, lr 46.3471, train cost 0.469395, error 0.177600
***dev cost 0.444333, error 0.166294
Sample 405000 0.01s, lr 71.2962, train cost 0.469209, error 0.177644
Sample 410000 0.01s, lr 46.0137, train cost 0.469243, error 0.177678
Sample 415000 0.01s, lr 46.6550, train cost 0.468950, error 0.177566
Sample 420000 0.01s, lr 46.4509, train cost 0.468676, error 0.177457
Sample 425000 0.01s, lr 45.8635, train cost 0.468490, error 0.177386
Sample 430000 0.01s, lr 46.1607, train cost 0.468312, error 0.177312
Sample 435000 0.01s, lr 47.3864, train cost 0.468210, error 0.177306
Sample 440000 0.01s, lr 45.9706, train cost 0.467801, error 0.177116
Sample 445000 0.01s, lr 47.0859, train cost 0.467543, error 0.177045
Sample 450000 0.01s, lr 46.1986, train cost 0.467216, error 0.176918
Sample 455000 0.01s, lr 47.0400, train cost 0.467006, error 0.176873
Sample 460000 0.01s, lr 46.1941, train cost 0.466683, error 0.176707
Sample 465000 0.01s, lr 46.2525, train cost 0.466332, error 0.176490
Sample 470000 0.01s, lr 46.7249, train cost 0.466000, error 0.176349
Sample 475000 0.01s, lr 46.0629, train cost 0.465892, error 0.176248
Sample 480000 0.01s, lr 46.2518, train cost 0.465654, error 0.176115
Sample 485000 0.01s, lr 46.5982, train cost 0.465493, error 0.176037
Sample 490000 0.01s, lr 46.7290, train cost 0.465213, error 0.175918
Sample 495000 0.01s, lr 46.4786, train cost 0.464979, error 0.175865
Sample 500000 0.01s, lr 46.8367, train cost 0.464666, error 0.175702
***dev cost 0.435234, error 0.159695
Sample 505000 0.01s, lr 71.6759, train cost 0.464528, error 0.175604
Sample 510000 0.01s, lr 46.1800, train cost 0.464297, error 0.175473
Sample 515000 0.01s, lr 45.6907, train cost 0.464000, error 0.175351
Sample 520000 0.01s, lr 46.5517, train cost 0.463662, error 0.175200
Sample 525000 0.01s, lr 46.3459, train cost 0.463388, error 0.174996
Sample 530000 0.01s, lr 46.8280, train cost 0.463040, error 0.174834
Sample 535000 0.01s, lr 46.6231, train cost 0.462817, error 0.174731
Sample 540000 0.01s, lr 46.9880, train cost 0.462474, error 0.174546
Sample 545000 0.01s, lr 46.8491, train cost 0.462214, error 0.174495
epoch 1, cost: train 0.462075 dev 0.436544 test 0.438647;
         error train 0.174441 dev 0.159594 test 0.163655
Sample 5000 0.01s, lr 45.8530, train cost 0.441334, error 0.160000
Sample 10000 0.01s, lr 46.7446, train cost 0.427694, error 0.157000
Sample 15000 0.01s, lr 46.8168, train cost 0.430349, error 0.159400
Sample 20000 0.01s, lr 46.2609, train cost 0.430646, error 0.159550
Sample 25000 0.01s, lr 46.2480, train cost 0.429760, error 0.159600
Sample 30000 0.01s, lr 46.0144, train cost 0.430523, error 0.159833
Sample 35000 0.01s, lr 46.7975, train cost 0.430649, error 0.160257
Sample 40000 0.01s, lr 46.3299, train cost 0.430989, error 0.160125
Sample 45000 0.01s, lr 46.6834, train cost 0.429743, error 0.159756
Sample 50000 0.01s, lr 45.4953, train cost 0.425981, error 0.157860
Sample 55000 0.01s, lr 46.1047, train cost 0.422406, error 0.156582
Sample 60000 0.01s, lr 45.8764, train cost 0.421529, error 0.155983
Sample 65000 0.01s, lr 45.6360, train cost 0.421221, error 0.155785
Sample 70000 0.01s, lr 46.4514, train cost 0.421603, error 0.156286
Sample 75000 0.01s, lr 45.5464, train cost 0.419555, error 0.155867
Sample 80000 0.01s, lr 46.0253, train cost 0.418489, error 0.155275
Sample 85000 0.01s, lr 46.7128, train cost 0.417056, error 0.154706
Sample 90000 0.01s, lr 46.1739, train cost 0.416632, error 0.154567
Sample 95000 0.01s, lr 46.2613, train cost 0.415613, error 0.154295
Sample 100000 0.01s, lr 46.3298, train cost 0.415430, error 0.154220
***dev cost 0.437727, error 0.158173
Sample 105000 0.01s, lr 70.9565, train cost 0.415738, error 0.154486
Sample 110000 0.01s, lr 46.3430, train cost 0.415483, error 0.154136
Sample 115000 0.01s, lr 46.0592, train cost 0.415171, error 0.154087
Sample 120000 0.01s, lr 46.7281, train cost 0.415372, error 0.154308
Sample 125000 0.01s, lr 46.8719, train cost 0.415024, error 0.154048
Sample 130000 0.01s, lr 46.7640, train cost 0.414122, error 0.153477
Sample 135000 0.01s, lr 46.8476, train cost 0.413643, error 0.153133
Sample 140000 0.01s, lr 46.3690, train cost 0.412651, error 0.152764
Sample 145000 0.01s, lr 45.6466, train cost 0.412080, error 0.152441
Sample 150000 0.01s, lr 46.6615, train cost 0.411938, error 0.152487
Sample 155000 0.01s, lr 46.2834, train cost 0.411772, error 0.152426
Sample 160000 0.01s, lr 46.0117, train cost 0.411273, error 0.152269
Sample 165000 0.01s, lr 45.9127, train cost 0.411669, error 0.152424
Sample 170000 0.01s, lr 45.9612, train cost 0.411456, error 0.152453
Sample 175000 0.01s, lr 46.2856, train cost 0.411592, error 0.152326
Sample 180000 0.01s, lr 45.9833, train cost 0.411665, error 0.152317
Sample 185000 0.01s, lr 47.1386, train cost 0.411134, error 0.152119
Sample 190000 0.01s, lr 46.0434, train cost 0.410609, error 0.151926
Sample 195000 0.01s, lr 47.2993, train cost 0.410006, error 0.151574
Sample 200000 0.01s, lr 46.4060, train cost 0.409797, error 0.151405
***dev cost 0.439905, error 0.161827
Sample 205000 0.01s, lr 71.5693, train cost 0.409628, error 0.151341
Sample 210000 0.01s, lr 46.4831, train cost 0.409204, error 0.151110
Sample 215000 0.01s, lr 46.9590, train cost 0.409267, error 0.151102
Sample 220000 0.01s, lr 46.3303, train cost 0.408906, error 0.150850
Sample 225000 0.01s, lr 46.3298, train cost 0.408558, error 0.150742
Sample 230000 0.01s, lr 46.6915, train cost 0.408432, error 0.150700
Sample 235000 0.01s, lr 46.3589, train cost 0.407909, error 0.150540
Sample 240000 0.01s, lr 46.4239, train cost 0.407848, error 0.150508
Sample 245000 0.01s, lr 46.8609, train cost 0.407348, error 0.150249
Sample 250000 0.01s, lr 46.4575, train cost 0.407396, error 0.150336
Sample 255000 0.01s, lr 46.4270, train cost 0.407024, error 0.150188
Sample 260000 0.01s, lr 47.0270, train cost 0.406394, error 0.149912
Sample 265000 0.01s, lr 46.2423, train cost 0.406031, error 0.149815
Sample 270000 0.01s, lr 46.6586, train cost 0.406010, error 0.149826
Sample 275000 0.01s, lr 47.7485, train cost 0.405384, error 0.149582
Sample 280000 0.01s, lr 47.3354, train cost 0.404881, error 0.149371
Sample 285000 0.01s, lr 46.2570, train cost 0.404418, error 0.149088
Sample 290000 0.01s, lr 47.0891, train cost 0.403903, error 0.148821
Sample 295000 0.01s, lr 46.6108, train cost 0.403820, error 0.148864
Sample 300000 0.01s, lr 46.1965, train cost 0.403440, error 0.148657
***dev cost 0.441575, error 0.160102
Sample 305000 0.01s, lr 70.4397, train cost 0.403393, error 0.148639
Sample 310000 0.01s, lr 46.8114, train cost 0.403185, error 0.148535
Sample 315000 0.01s, lr 47.0590, train cost 0.403211, error 0.148521
Sample 320000 0.01s, lr 46.7704, train cost 0.402852, error 0.148331
Sample 325000 0.01s, lr 45.9380, train cost 0.402383, error 0.148148
Sample 330000 0.01s, lr 46.0735, train cost 0.402503, error 0.148197
Sample 335000 0.01s, lr 46.8567, train cost 0.402260, error 0.148093
Sample 340000 0.01s, lr 46.2009, train cost 0.402049, error 0.147997
Sample 345000 0.01s, lr 46.4019, train cost 0.401445, error 0.147759
Sample 350000 0.01s, lr 46.6678, train cost 0.401011, error 0.147586
Sample 355000 0.01s, lr 46.4033, train cost 0.400744, error 0.147456
Sample 360000 0.01s, lr 46.5553, train cost 0.400547, error 0.147358
Sample 365000 0.01s, lr 46.9007, train cost 0.400254, error 0.147255
Sample 370000 0.01s, lr 46.0112, train cost 0.399924, error 0.147097
Sample 375000 0.01s, lr 45.8135, train cost 0.399469, error 0.146915
Sample 380000 0.01s, lr 46.5991, train cost 0.399271, error 0.146797
Sample 385000 0.01s, lr 45.8673, train cost 0.399135, error 0.146673
Sample 390000 0.01s, lr 45.8993, train cost 0.399031, error 0.146633
Sample 395000 0.01s, lr 47.1242, train cost 0.399299, error 0.146744
Sample 400000 0.01s, lr 46.3367, train cost 0.398957, error 0.146560
***dev cost 0.430243, error 0.156650
Sample 405000 0.01s, lr 71.4580, train cost 0.398845, error 0.146548
Sample 410000 0.01s, lr 45.9937, train cost 0.398861, error 0.146551
Sample 415000 0.01s, lr 46.5472, train cost 0.398585, error 0.146441
Sample 420000 0.01s, lr 46.4729, train cost 0.398421, error 0.146388
Sample 425000 0.01s, lr 45.8523, train cost 0.398260, error 0.146395
Sample 430000 0.01s, lr 46.1650, train cost 0.398139, error 0.146381
Sample 435000 0.01s, lr 47.3573, train cost 0.398100, error 0.146402
Sample 440000 0.01s, lr 45.9651, train cost 0.397781, error 0.146245
Sample 445000 0.01s, lr 47.0508, train cost 0.397625, error 0.146182
Sample 450000 0.01s, lr 46.1994, train cost 0.397388, error 0.146047
Sample 455000 0.01s, lr 47.0059, train cost 0.397308, error 0.146022
Sample 460000 0.01s, lr 46.1716, train cost 0.397066, error 0.145885
Sample 465000 0.01s, lr 46.2344, train cost 0.396832, error 0.145740
Sample 470000 0.01s, lr 46.7279, train cost 0.396688, error 0.145681
Sample 475000 0.01s, lr 46.0379, train cost 0.396594, error 0.145621
Sample 480000 0.01s, lr 46.2191, train cost 0.396457, error 0.145552
Sample 485000 0.01s, lr 46.5659, train cost 0.396333, error 0.145476
Sample 490000 0.01s, lr 46.7141, train cost 0.396206, error 0.145443
Sample 495000 0.01s, lr 46.4743, train cost 0.396084, error 0.145390
Sample 500000 0.01s, lr 46.8063, train cost 0.395785, error 0.145270
***dev cost 0.425702, error 0.152386
Sample 505000 0.01s, lr 71.8197, train cost 0.395619, error 0.145172
Sample 510000 0.01s, lr 46.1474, train cost 0.395445, error 0.145116
Sample 515000 0.01s, lr 45.7516, train cost 0.395273, error 0.145082
Sample 520000 0.01s, lr 46.5303, train cost 0.395049, error 0.145023
Sample 525000 0.01s, lr 46.3432, train cost 0.394891, error 0.144954
Sample 530000 0.01s, lr 46.8011, train cost 0.394581, error 0.144834
Sample 535000 0.01s, lr 46.6147, train cost 0.394357, error 0.144710
Sample 540000 0.01s, lr 46.9627, train cost 0.393988, error 0.144550
Sample 545000 0.01s, lr 46.8282, train cost 0.393731, error 0.144466
epoch 2, cost: train 0.393626 dev 0.430135 test 0.436373;
         error train 0.144403 dev 0.153096 test 0.157157
Sample 5000 0.01s, lr 45.8595, train cost 0.377119, error 0.137800
Sample 10000 0.01s, lr 46.7016, train cost 0.364402, error 0.134000
Sample 15000 0.01s, lr 46.7986, train cost 0.367878, error 0.135933
Sample 20000 0.01s, lr 46.2413, train cost 0.370579, error 0.136100
Sample 25000 0.01s, lr 46.2318, train cost 0.370494, error 0.136040
Sample 30000 0.01s, lr 45.9983, train cost 0.371121, error 0.136567
Sample 35000 0.01s, lr 46.7674, train cost 0.371204, error 0.136571
Sample 40000 0.01s, lr 46.2951, train cost 0.371708, error 0.136000
Sample 45000 0.01s, lr 46.6279, train cost 0.371109, error 0.136200
Sample 50000 0.01s, lr 45.4892, train cost 0.368379, error 0.134560
Sample 55000 0.01s, lr 46.1225, train cost 0.365458, error 0.133218
Sample 60000 0.01s, lr 45.8672, train cost 0.364786, error 0.132633
Sample 65000 0.01s, lr 45.6137, train cost 0.364335, error 0.132108
Sample 70000 0.01s, lr 46.4612, train cost 0.364448, error 0.132714
Sample 75000 0.01s, lr 45.5298, train cost 0.362588, error 0.131853
Sample 80000 0.01s, lr 46.0308, train cost 0.361415, error 0.131100
Sample 85000 0.01s, lr 46.6924, train cost 0.359976, error 0.130565
Sample 90000 0.01s, lr 46.1804, train cost 0.359779, error 0.130389
Sample 95000 0.01s, lr 46.2634, train cost 0.358968, error 0.130505
Sample 100000 0.01s, lr 46.3108, train cost 0.358550, error 0.130250
***dev cost 0.438492, error 0.152284
Sample 105000 0.01s, lr 70.8431, train cost 0.358981, error 0.130381
Sample 110000 0.01s, lr 46.3463, train cost 0.359312, error 0.130191
Sample 115000 0.01s, lr 46.0676, train cost 0.358943, error 0.130070
Sample 120000 0.01s, lr 46.7215, train cost 0.359135, error 0.130125
Sample 125000 0.01s, lr 46.8581, train cost 0.359080, error 0.130240
Sample 130000 0.01s, lr 46.7303, train cost 0.358518, error 0.130108
Sample 135000 0.01s, lr 46.8473, train cost 0.357975, error 0.129889
Sample 140000 0.01s, lr 46.3125, train cost 0.356981, error 0.129471
Sample 145000 0.01s, lr 45.6259, train cost 0.356527, error 0.129303
Sample 150000 0.01s, lr 46.6886, train cost 0.356355, error 0.129213
Sample 155000 0.01s, lr 46.2924, train cost 0.356325, error 0.129161
Sample 160000 0.01s, lr 46.0445, train cost 0.355816, error 0.129000
Sample 165000 0.01s, lr 45.9542, train cost 0.356100, error 0.129000
Sample 170000 0.01s, lr 45.9154, train cost 0.355872, error 0.129112
Sample 175000 0.01s, lr 46.2549, train cost 0.356007, error 0.129074
Sample 180000 0.01s, lr 46.0017, train cost 0.355867, error 0.128983
Sample 185000 0.01s, lr 47.1507, train cost 0.355452, error 0.128789
Sample 190000 0.01s, lr 46.0508, train cost 0.354850, error 0.128595
Sample 195000 0.01s, lr 47.2488, train cost 0.354299, error 0.128333
Sample 200000 0.01s, lr 46.3992, train cost 0.353936, error 0.128120
***dev cost 0.443181, error 0.153909
Sample 205000 0.01s, lr 71.4348, train cost 0.353810, error 0.128117
Sample 210000 0.01s, lr 46.4571, train cost 0.353713, error 0.128038
Sample 215000 0.01s, lr 46.9510, train cost 0.353540, error 0.127972
Sample 220000 0.01s, lr 46.3449, train cost 0.353229, error 0.127850
Sample 225000 0.01s, lr 46.2737, train cost 0.352890, error 0.127729
Sample 230000 0.01s, lr 46.6483, train cost 0.352796, error 0.127661
Sample 235000 0.01s, lr 46.2864, train cost 0.352353, error 0.127511
Sample 240000 0.01s, lr 46.4334, train cost 0.352340, error 0.127404
Sample 245000 0.01s, lr 46.8868, train cost 0.352008, error 0.127241
Sample 250000 0.01s, lr 46.4398, train cost 0.352107, error 0.127284
Sample 255000 0.01s, lr 46.4062, train cost 0.351761, error 0.127153
Sample 260000 0.01s, lr 47.0041, train cost 0.351161, error 0.126854
Sample 265000 0.01s, lr 46.2068, train cost 0.350900, error 0.126826
Sample 270000 0.01s, lr 46.6147, train cost 0.350966, error 0.126870
Sample 275000 0.01s, lr 47.7236, train cost 0.350294, error 0.126513
Sample 280000 0.01s, lr 47.3059, train cost 0.349763, error 0.126318
Sample 285000 0.01s, lr 46.2592, train cost 0.349283, error 0.126218
Sample 290000 0.01s, lr 47.0581, train cost 0.348848, error 0.125979
Sample 295000 0.01s, lr 46.5795, train cost 0.348643, error 0.126000
Sample 300000 0.01s, lr 46.1822, train cost 0.348305, error 0.125850
***dev cost 0.448187, error 0.155736
Sample 305000 0.01s, lr 70.3104, train cost 0.348248, error 0.125849
Sample 310000 0.01s, lr 46.8013, train cost 0.348063, error 0.125765
Sample 315000 0.01s, lr 47.0468, train cost 0.348020, error 0.125698
Sample 320000 0.01s, lr 46.7698, train cost 0.347775, error 0.125587
Sample 325000 0.01s, lr 45.8708, train cost 0.347223, error 0.125305
Sample 330000 0.01s, lr 46.0445, train cost 0.347362, error 0.125339
Sample 335000 0.01s, lr 46.8975, train cost 0.347141, error 0.125254
Sample 340000 0.01s, lr 46.2150, train cost 0.346825, error 0.125129
Sample 345000 0.01s, lr 46.3745, train cost 0.346247, error 0.124890
Sample 350000 0.01s, lr 46.6574, train cost 0.345763, error 0.124697
Sample 355000 0.01s, lr 46.3945, train cost 0.345526, error 0.124606
Sample 360000 0.01s, lr 46.5670, train cost 0.345323, error 0.124522
Sample 365000 0.01s, lr 46.8746, train cost 0.345148, error 0.124411
Sample 370000 0.01s, lr 45.9894, train cost 0.344767, error 0.124259
Sample 375000 0.01s, lr 45.7842, train cost 0.344367, error 0.124115
Sample 380000 0.01s, lr 46.5854, train cost 0.344253, error 0.123995
Sample 385000 0.01s, lr 45.8466, train cost 0.344093, error 0.123932
Sample 390000 0.01s, lr 45.8668, train cost 0.343871, error 0.123882
Sample 395000 0.01s, lr 47.0795, train cost 0.344024, error 0.123922
Sample 400000 0.01s, lr 46.3092, train cost 0.343784, error 0.123825
***dev cost 0.438595, error 0.151878
Sample 405000 0.01s, lr 71.2614, train cost 0.343586, error 0.123812
Sample 410000 0.01s, lr 46.0055, train cost 0.343641, error 0.123849
Sample 415000 0.01s, lr 46.5427, train cost 0.343400, error 0.123725
Sample 420000 0.01s, lr 46.3838, train cost 0.343220, error 0.123626
Sample 425000 0.01s, lr 45.8411, train cost 0.342965, error 0.123553
Sample 430000 0.01s, lr 46.1737, train cost 0.342830, error 0.123563
Sample 435000 0.01s, lr 47.3539, train cost 0.342716, error 0.123517
Sample 440000 0.01s, lr 45.9238, train cost 0.342433, error 0.123402
Sample 445000 0.01s, lr 47.0490, train cost 0.342178, error 0.123267
Sample 450000 0.01s, lr 46.1895, train cost 0.341795, error 0.123131
Sample 455000 0.01s, lr 47.0084, train cost 0.341676, error 0.123110
Sample 460000 0.01s, lr 46.1667, train cost 0.341542, error 0.123046
Sample 465000 0.01s, lr 46.1992, train cost 0.341356, error 0.122931
Sample 470000 0.01s, lr 46.7015, train cost 0.341218, error 0.122817
Sample 475000 0.01s, lr 46.0261, train cost 0.341187, error 0.122745
Sample 480000 0.01s, lr 46.2210, train cost 0.341119, error 0.122737
Sample 485000 0.01s, lr 46.5296, train cost 0.340935, error 0.122637
Sample 490000 0.01s, lr 46.7015, train cost 0.340814, error 0.122592
Sample 495000 0.01s, lr 46.4416, train cost 0.340771, error 0.122582
Sample 500000 0.01s, lr 46.7994, train cost 0.340573, error 0.122556
***dev cost 0.435618, error 0.154010
Sample 505000 0.01s, lr 71.6431, train cost 0.340459, error 0.122461
Sample 510000 0.01s, lr 46.1385, train cost 0.340279, error 0.122406
Sample 515000 0.01s, lr 45.6487, train cost 0.340035, error 0.122338
Sample 520000 0.01s, lr 46.4876, train cost 0.339816, error 0.122248
Sample 525000 0.01s, lr 46.4010, train cost 0.339613, error 0.122139
Sample 530000 0.01s, lr 46.8196, train cost 0.339436, error 0.122087
Sample 535000 0.01s, lr 46.6054, train cost 0.339122, error 0.121989
Sample 540000 0.01s, lr 46.9269, train cost 0.338859, error 0.121880
Sample 545000 0.01s, lr 46.8187, train cost 0.338588, error 0.121787
epoch 3, cost: train 0.338510 dev 0.440456 test 0.449345;
         error train 0.121760 dev 0.151675 test 0.155838
Sample 5000 0.01s, lr 45.8292, train cost 0.326712, error 0.118200
Sample 10000 0.01s, lr 46.7219, train cost 0.315670, error 0.112500
Sample 15000 0.01s, lr 46.7812, train cost 0.317660, error 0.113400
Sample 20000 0.01s, lr 46.2170, train cost 0.318239, error 0.114350
Sample 25000 0.01s, lr 46.2068, train cost 0.317978, error 0.113680
Sample 30000 0.01s, lr 45.9792, train cost 0.318420, error 0.113733
Sample 35000 0.01s, lr 46.7682, train cost 0.318356, error 0.113857
Sample 40000 0.01s, lr 46.2490, train cost 0.318750, error 0.113275
Sample 45000 0.01s, lr 46.5876, train cost 0.317803, error 0.113000
Sample 50000 0.01s, lr 45.4634, train cost 0.315228, error 0.111720
Sample 55000 0.01s, lr 46.0675, train cost 0.312384, error 0.110727
Sample 60000 0.01s, lr 45.8076, train cost 0.311537, error 0.110267
Sample 65000 0.01s, lr 45.6356, train cost 0.311171, error 0.109831
Sample 70000 0.01s, lr 46.4318, train cost 0.311056, error 0.110000
Sample 75000 0.01s, lr 45.5419, train cost 0.309020, error 0.109293
Sample 80000 0.01s, lr 45.9966, train cost 0.308471, error 0.109362
Sample 85000 0.01s, lr 46.6510, train cost 0.307469, error 0.108800
Sample 90000 0.01s, lr 46.1749, train cost 0.307186, error 0.108622
Sample 95000 0.01s, lr 46.2427, train cost 0.306143, error 0.108295
Sample 100000 0.01s, lr 46.3049, train cost 0.305651, error 0.108180
***dev cost 0.460083, error 0.151878
Sample 105000 0.01s, lr 70.9428, train cost 0.305807, error 0.108152
Sample 110000 0.01s, lr 46.3369, train cost 0.305846, error 0.108055
Sample 115000 0.01s, lr 46.0164, train cost 0.305705, error 0.108096
Sample 120000 0.01s, lr 46.6942, train cost 0.305730, error 0.108117
Sample 125000 0.01s, lr 46.8427, train cost 0.305711, error 0.108336
Sample 130000 0.01s, lr 46.7408, train cost 0.305288, error 0.108062
Sample 135000 0.01s, lr 46.8136, train cost 0.304826, error 0.108007
Sample 140000 0.01s, lr 46.3018, train cost 0.304191, error 0.107686
Sample 145000 0.01s, lr 45.6150, train cost 0.303846, error 0.107586
Sample 150000 0.01s, lr 46.6390, train cost 0.303937, error 0.107593
Sample 155000 0.01s, lr 46.2480, train cost 0.304268, error 0.107587
Sample 160000 0.01s, lr 46.0230, train cost 0.303838, error 0.107569
Sample 165000 0.01s, lr 45.9001, train cost 0.303961, error 0.107752
Sample 170000 0.01s, lr 45.9332, train cost 0.303672, error 0.107724
Sample 175000 0.01s, lr 46.2534, train cost 0.303664, error 0.107823
Sample 180000 0.01s, lr 45.9454, train cost 0.303550, error 0.107778
Sample 185000 0.01s, lr 47.1210, train cost 0.303357, error 0.107686
Sample 190000 0.01s, lr 46.0201, train cost 0.302872, error 0.107447
Sample 195000 0.01s, lr 47.2426, train cost 0.302279, error 0.107067
Sample 200000 0.01s, lr 46.3786, train cost 0.302145, error 0.107050
***dev cost 0.470933, error 0.156548
Sample 205000 0.01s, lr 71.5861, train cost 0.301818, error 0.106990
Sample 210000 0.01s, lr 46.4225, train cost 0.301695, error 0.106919
Sample 215000 0.01s, lr 46.9336, train cost 0.301663, error 0.106819
Sample 220000 0.01s, lr 46.3171, train cost 0.301481, error 0.106777
Sample 225000 0.01s, lr 46.2874, train cost 0.301150, error 0.106658
Sample 230000 0.01s, lr 46.6215, train cost 0.300938, error 0.106526
Sample 235000 0.01s, lr 46.3235, train cost 0.300646, error 0.106498
Sample 240000 0.01s, lr 46.4151, train cost 0.300629, error 0.106404
Sample 245000 0.01s, lr 46.8135, train cost 0.300392, error 0.106216
Sample 250000 0.01s, lr 46.4609, train cost 0.300520, error 0.106236
Sample 255000 0.01s, lr 46.3838, train cost 0.300239, error 0.106137
Sample 260000 0.01s, lr 46.9940, train cost 0.299613, error 0.105869
Sample 265000 0.01s, lr 46.2148, train cost 0.299361, error 0.105842
Sample 270000 0.01s, lr 46.6248, train cost 0.299506, error 0.105878
Sample 275000 0.01s, lr 47.7125, train cost 0.299028, error 0.105687
Sample 280000 0.01s, lr 47.2994, train cost 0.298493, error 0.105500
Sample 285000 0.01s, lr 46.2348, train cost 0.298060, error 0.105330
Sample 290000 0.01s, lr 47.0479, train cost 0.297678, error 0.105062
Sample 295000 0.01s, lr 46.5951, train cost 0.297600, error 0.105075
Sample 300000 0.01s, lr 46.1521, train cost 0.297386, error 0.105013
***dev cost 0.474582, error 0.154315
Sample 305000 0.01s, lr 70.4636, train cost 0.297207, error 0.104889
Sample 310000 0.01s, lr 46.7707, train cost 0.296963, error 0.104761
Sample 315000 0.01s, lr 47.0576, train cost 0.297055, error 0.104762
Sample 320000 0.01s, lr 46.7434, train cost 0.296735, error 0.104675
Sample 325000 0.01s, lr 45.8976, train cost 0.296171, error 0.104523
Sample 330000 0.01s, lr 46.0392, train cost 0.296224, error 0.104600
Sample 335000 0.01s, lr 46.8348, train cost 0.296045, error 0.104588
Sample 340000 0.01s, lr 46.1927, train cost 0.295701, error 0.104532
Sample 345000 0.01s, lr 46.4087, train cost 0.295241, error 0.104417
Sample 350000 0.01s, lr 46.6297, train cost 0.294802, error 0.104291
Sample 355000 0.01s, lr 46.3748, train cost 0.294655, error 0.104225
Sample 360000 0.01s, lr 46.5575, train cost 0.294541, error 0.104158
Sample 365000 0.01s, lr 46.8883, train cost 0.294281, error 0.103997
Sample 370000 0.01s, lr 45.9759, train cost 0.293847, error 0.103851
Sample 375000 0.01s, lr 45.7750, train cost 0.293380, error 0.103675
Sample 380000 0.01s, lr 46.5870, train cost 0.293250, error 0.103579
Sample 385000 0.01s, lr 45.8447, train cost 0.293086, error 0.103468
Sample 390000 0.01s, lr 45.8779, train cost 0.292815, error 0.103336
Sample 395000 0.01s, lr 47.0767, train cost 0.293047, error 0.103415
Sample 400000 0.01s, lr 46.3042, train cost 0.292738, error 0.103295
***dev cost 0.472623, error 0.151878
Sample 405000 0.01s, lr 71.3815, train cost 0.292482, error 0.103230
Sample 410000 0.01s, lr 45.9772, train cost 0.292514, error 0.103232
Sample 415000 0.01s, lr 46.5445, train cost 0.292282, error 0.103096
Sample 420000 0.01s, lr 46.4123, train cost 0.292098, error 0.103064
Sample 425000 0.01s, lr 45.8305, train cost 0.291879, error 0.103031
Sample 430000 0.01s, lr 46.1124, train cost 0.291724, error 0.102979
Sample 435000 0.01s, lr 47.3287, train cost 0.291688, error 0.102991
Sample 440000 0.01s, lr 45.9880, train cost 0.291424, error 0.102886
Sample 445000 0.01s, lr 47.0667, train cost 0.291193, error 0.102847
Sample 450000 0.01s, lr 46.1551, train cost 0.290849, error 0.102709
Sample 455000 0.01s, lr 47.0039, train cost 0.290762, error 0.102681
Sample 460000 0.01s, lr 46.1601, train cost 0.290593, error 0.102611
Sample 465000 0.01s, lr 46.2200, train cost 0.290463, error 0.102529
Sample 470000 0.01s, lr 46.6936, train cost 0.290394, error 0.102513
Sample 475000 0.01s, lr 46.0278, train cost 0.290363, error 0.102501
Sample 480000 0.01s, lr 46.2289, train cost 0.290313, error 0.102494
Sample 485000 0.01s, lr 46.5577, train cost 0.290114, error 0.102410
Sample 490000 0.01s, lr 46.6668, train cost 0.289946, error 0.102363
Sample 495000 0.01s, lr 46.4521, train cost 0.289853, error 0.102360
Sample 500000 0.01s, lr 46.7791, train cost 0.289568, error 0.102248
***dev cost 0.464818, error 0.152386
Sample 505000 0.01s, lr 71.7017, train cost 0.289408, error 0.102206
Sample 510000 0.01s, lr 46.1392, train cost 0.289240, error 0.102155
Sample 515000 0.01s, lr 45.6514, train cost 0.289085, error 0.102130
Sample 520000 0.01s, lr 46.4855, train cost 0.288893, error 0.102067
Sample 525000 0.01s, lr 46.2929, train cost 0.288685, error 0.101962
Sample 530000 0.01s, lr 46.7879, train cost 0.288441, error 0.101883
Sample 535000 0.01s, lr 46.6311, train cost 0.288248, error 0.101815
Sample 540000 0.01s, lr 46.9357, train cost 0.288025, error 0.101761
Sample 545000 0.01s, lr 46.7969, train cost 0.287703, error 0.101635
epoch 4, cost: train 0.287574 dev 0.480195 test 0.486305;
         error train 0.101598 dev 0.154416 test 0.155838
Sample 5000 0.01s, lr 45.8130, train cost 0.276835, error 0.096800
Sample 10000 0.01s, lr 46.7145, train cost 0.267519, error 0.094300
Sample 15000 0.01s, lr 46.7676, train cost 0.268771, error 0.095933
Sample 20000 0.01s, lr 46.2265, train cost 0.268518, error 0.095850
Sample 25000 0.01s, lr 46.1793, train cost 0.267761, error 0.095000
Sample 30000 0.01s, lr 45.9660, train cost 0.268798, error 0.095467
Sample 35000 0.01s, lr 46.7679, train cost 0.266798, error 0.094714
Sample 40000 0.01s, lr 46.2719, train cost 0.266867, error 0.094000
Sample 45000 0.01s, lr 46.5872, train cost 0.267117, error 0.094022
Sample 50000 0.01s, lr 45.4449, train cost 0.265496, error 0.093240
Sample 55000 0.01s, lr 46.0776, train cost 0.263171, error 0.092018
Sample 60000 0.01s, lr 45.8361, train cost 0.262308, error 0.091583
Sample 65000 0.01s, lr 45.6150, train cost 0.261780, error 0.091369
Sample 70000 0.01s, lr 46.4112, train cost 0.261854, error 0.091600
Sample 75000 0.01s, lr 45.5662, train cost 0.259815, error 0.090867
Sample 80000 0.01s, lr 46.0194, train cost 0.258292, error 0.090212
Sample 85000 0.01s, lr 46.6706, train cost 0.257347, error 0.089929
Sample 90000 0.01s, lr 46.1420, train cost 0.257175, error 0.089989
Sample 95000 0.01s, lr 46.2517, train cost 0.256278, error 0.089526
Sample 100000 0.01s, lr 46.3113, train cost 0.255371, error 0.089190
***dev cost 0.498889, error 0.154416
Sample 105000 0.01s, lr 70.7787, train cost 0.255901, error 0.089229
Sample 110000 0.01s, lr 46.3037, train cost 0.256200, error 0.089455
Sample 115000 0.01s, lr 46.0523, train cost 0.256143, error 0.089496
Sample 120000 0.01s, lr 46.6832, train cost 0.256610, error 0.089692
Sample 125000 0.01s, lr 46.8531, train cost 0.256633, error 0.089744
Sample 130000 0.01s, lr 46.7503, train cost 0.256365, error 0.089638
Sample 135000 0.01s, lr 46.8184, train cost 0.256287, error 0.089563
Sample 140000 0.01s, lr 46.2948, train cost 0.255423, error 0.089257
Sample 145000 0.01s, lr 45.5953, train cost 0.255110, error 0.089110
Sample 150000 0.01s, lr 46.6287, train cost 0.255198, error 0.089047
Sample 155000 0.01s, lr 46.2713, train cost 0.255285, error 0.089045
Sample 160000 0.01s, lr 46.0128, train cost 0.254896, error 0.088987
Sample 165000 0.01s, lr 45.9511, train cost 0.255123, error 0.088994
Sample 170000 0.01s, lr 45.9223, train cost 0.254639, error 0.088794
Sample 175000 0.01s, lr 46.2395, train cost 0.254581, error 0.088709
Sample 180000 0.01s, lr 45.9736, train cost 0.254583, error 0.088750
Sample 185000 0.01s, lr 47.1119, train cost 0.254386, error 0.088719
Sample 190000 0.01s, lr 46.0015, train cost 0.253717, error 0.088442
Sample 195000 0.01s, lr 47.2569, train cost 0.253310, error 0.088277
Sample 200000 0.01s, lr 46.3893, train cost 0.252829, error 0.088055
***dev cost 0.512580, error 0.157157
Sample 205000 0.01s, lr 71.3945, train cost 0.252834, error 0.088078
Sample 210000 0.01s, lr 46.4523, train cost 0.252817, error 0.088057
Sample 215000 0.01s, lr 46.9307, train cost 0.252753, error 0.088037
Sample 220000 0.01s, lr 46.3421, train cost 0.252553, error 0.087991
Sample 225000 0.01s, lr 46.2888, train cost 0.252266, error 0.087929
Sample 230000 0.01s, lr 46.6666, train cost 0.252030, error 0.087874
Sample 235000 0.01s, lr 46.2665, train cost 0.251538, error 0.087694
Sample 240000 0.01s, lr 46.4142, train cost 0.251485, error 0.087662
Sample 245000 0.01s, lr 46.8276, train cost 0.251300, error 0.087563
Sample 250000 0.01s, lr 46.4414, train cost 0.251291, error 0.087476
Sample 255000 0.01s, lr 46.4098, train cost 0.251066, error 0.087404
Sample 260000 0.01s, lr 47.0293, train cost 0.250564, error 0.087108
Sample 265000 0.01s, lr 46.2060, train cost 0.250322, error 0.087087
Sample 270000 0.01s, lr 46.6257, train cost 0.250264, error 0.087144
Sample 275000 0.01s, lr 47.7044, train cost 0.249747, error 0.086938
Sample 280000 0.01s, lr 47.2897, train cost 0.249390, error 0.086789
Sample 285000 0.01s, lr 46.2156, train cost 0.248983, error 0.086642
Sample 290000 0.01s, lr 47.0536, train cost 0.248799, error 0.086510
Sample 295000 0.01s, lr 46.5686, train cost 0.248712, error 0.086461
Sample 300000 0.01s, lr 46.1829, train cost 0.248494, error 0.086393
***dev cost 0.520054, error 0.156345
Sample 305000 0.01s, lr 70.3786, train cost 0.248327, error 0.086285
Sample 310000 0.01s, lr 46.7739, train cost 0.248036, error 0.086152
Sample 315000 0.01s, lr 47.0333, train cost 0.248146, error 0.086213
Sample 320000 0.01s, lr 46.7356, train cost 0.247831, error 0.086081
Sample 325000 0.01s, lr 45.8952, train cost 0.247416, error 0.085911
Sample 330000 0.01s, lr 46.0450, train cost 0.247496, error 0.086009
Sample 335000 0.01s, lr 46.8180, train cost 0.247263, error 0.085964
Sample 340000 0.01s, lr 46.1810, train cost 0.246948, error 0.085815
Sample 345000 0.01s, lr 46.3715, train cost 0.246599, error 0.085725
Sample 350000 0.01s, lr 46.6578, train cost 0.246078, error 0.085531
Sample 355000 0.01s, lr 46.4519, train cost 0.245873, error 0.085459
Sample 360000 0.01s, lr 46.5147, train cost 0.245853, error 0.085417
Sample 365000 0.01s, lr 46.8700, train cost 0.245554, error 0.085315
Sample 370000 0.01s, lr 45.9686, train cost 0.245096, error 0.085149
Sample 375000 0.01s, lr 45.7841, train cost 0.244754, error 0.084992
Sample 380000 0.01s, lr 46.5630, train cost 0.244697, error 0.084950
Sample 385000 0.01s, lr 45.8200, train cost 0.244479, error 0.084842
Sample 390000 0.01s, lr 45.8848, train cost 0.244180, error 0.084736
Sample 395000 0.01s, lr 47.0843, train cost 0.244275, error 0.084767
Sample 400000 0.01s, lr 46.2766, train cost 0.244097, error 0.084693
***dev cost 0.524856, error 0.156650
Sample 405000 0.01s, lr 71.2499, train cost 0.243991, error 0.084684
Sample 410000 0.01s, lr 45.9678, train cost 0.243893, error 0.084663
Sample 415000 0.01s, lr 46.5456, train cost 0.243704, error 0.084578
Sample 420000 0.01s, lr 46.4281, train cost 0.243538, error 0.084476
Sample 425000 0.01s, lr 45.8255, train cost 0.243354, error 0.084431
Sample 430000 0.01s, lr 46.1136, train cost 0.243254, error 0.084414
Sample 435000 0.01s, lr 47.3270, train cost 0.243158, error 0.084411
Sample 440000 0.01s, lr 45.9279, train cost 0.242895, error 0.084302
Sample 445000 0.01s, lr 47.0480, train cost 0.242736, error 0.084229
Sample 450000 0.01s, lr 46.2330, train cost 0.242472, error 0.084144
Sample 455000 0.01s, lr 46.9787, train cost 0.242265, error 0.084097
Sample 460000 0.01s, lr 46.1515, train cost 0.242157, error 0.084030
Sample 465000 0.01s, lr 46.2477, train cost 0.241990, error 0.083944
Sample 470000 0.01s, lr 46.6967, train cost 0.241906, error 0.083900
Sample 475000 0.01s, lr 46.0091, train cost 0.241869, error 0.083853
Sample 480000 0.01s, lr 46.2226, train cost 0.241867, error 0.083871
Sample 485000 0.01s, lr 46.5591, train cost 0.241641, error 0.083786
Sample 490000 0.01s, lr 46.6989, train cost 0.241533, error 0.083800
Sample 495000 0.01s, lr 46.4320, train cost 0.241433, error 0.083794
Sample 500000 0.01s, lr 46.7651, train cost 0.241206, error 0.083674
***dev cost 0.518727, error 0.157970
Sample 505000 0.01s, lr 71.6165, train cost 0.241062, error 0.083602
Sample 510000 0.01s, lr 46.1219, train cost 0.240904, error 0.083563
Sample 515000 0.01s, lr 45.6587, train cost 0.240779, error 0.083515
Sample 520000 0.01s, lr 46.4883, train cost 0.240566, error 0.083508
Sample 525000 0.01s, lr 46.3116, train cost 0.240401, error 0.083408
Sample 530000 0.01s, lr 46.7784, train cost 0.240191, error 0.083342
Sample 535000 0.01s, lr 46.6102, train cost 0.239917, error 0.083239
Sample 540000 0.01s, lr 46.9242, train cost 0.239656, error 0.083157
Sample 545000 0.01s, lr 46.8615, train cost 0.239306, error 0.083066
epoch 5, cost: train 0.239220 dev 0.527510 test 0.537543;
         error train 0.083016 dev 0.157157 test 0.155330
Sample 5000 0.01s, lr 45.8079, train cost 0.221831, error 0.077600
Sample 10000 0.01s, lr 46.6680, train cost 0.213655, error 0.074700
Sample 15000 0.01s, lr 46.7542, train cost 0.217899, error 0.077267
Sample 20000 0.01s, lr 46.1863, train cost 0.218791, error 0.077150
Sample 25000 0.01s, lr 46.1654, train cost 0.216902, error 0.075720
Sample 30000 0.01s, lr 45.9160, train cost 0.218019, error 0.076167
Sample 35000 0.01s, lr 46.7301, train cost 0.216416, error 0.075229
Sample 40000 0.01s, lr 46.2255, train cost 0.216639, error 0.075050
Sample 45000 0.01s, lr 46.5647, train cost 0.217044, error 0.074978
Sample 50000 0.01s, lr 45.4062, train cost 0.215982, error 0.074280
Sample 55000 0.01s, lr 46.0073, train cost 0.214055, error 0.073455
Sample 60000 0.01s, lr 45.7740, train cost 0.212647, error 0.073033
Sample 65000 0.01s, lr 45.5524, train cost 0.212688, error 0.072908
Sample 70000 0.01s, lr 46.4065, train cost 0.212824, error 0.073114
Sample 75000 0.01s, lr 45.4654, train cost 0.211388, error 0.072720
Sample 80000 0.01s, lr 45.9833, train cost 0.210385, error 0.072300
Sample 85000 0.01s, lr 46.6208, train cost 0.209318, error 0.071859
Sample 90000 0.01s, lr 46.1090, train cost 0.209318, error 0.071867
Sample 95000 0.01s, lr 46.1753, train cost 0.208948, error 0.071684
Sample 100000 0.01s, lr 46.2638, train cost 0.208248, error 0.071500
***dev cost 0.562238, error 0.156650
Sample 105000 0.01s, lr 70.8387, train cost 0.208563, error 0.071610
Sample 110000 0.01s, lr 46.2868, train cost 0.208698, error 0.071582
Sample 115000 0.01s, lr 45.9767, train cost 0.208816, error 0.071548
Sample 120000 0.01s, lr 46.6615, train cost 0.209101, error 0.071633
Sample 125000 0.01s, lr 46.7880, train cost 0.209013, error 0.071608
Sample 130000 0.01s, lr 46.7013, train cost 0.208900, error 0.071738
Sample 135000 0.01s, lr 46.7949, train cost 0.208891, error 0.071770
Sample 140000 0.01s, lr 46.2570, train cost 0.208202, error 0.071521
Sample 145000 0.01s, lr 45.5828, train cost 0.207976, error 0.071510
Sample 150000 0.01s, lr 46.5976, train cost 0.208079, error 0.071407
Sample 155000 0.01s, lr 46.2133, train cost 0.208064, error 0.071432
Sample 160000 0.01s, lr 45.9790, train cost 0.207757, error 0.071394
Sample 165000 0.01s, lr 45.8962, train cost 0.207916, error 0.071418
Sample 170000 0.01s, lr 45.8568, train cost 0.207841, error 0.071447
Sample 175000 0.01s, lr 46.2544, train cost 0.207887, error 0.071451
Sample 180000 0.01s, lr 45.9150, train cost 0.207869, error 0.071456
Sample 185000 0.01s, lr 47.0714, train cost 0.207454, error 0.071211
Sample 190000 0.01s, lr 45.9537, train cost 0.207253, error 0.071121
Sample 195000 0.01s, lr 47.2170, train cost 0.207060, error 0.071087
Sample 200000 0.01s, lr 46.3296, train cost 0.206756, error 0.070955
***dev cost 0.569446, error 0.157868
Sample 205000 0.01s, lr 71.5599, train cost 0.206522, error 0.070766
Sample 210000 0.01s, lr 46.3967, train cost 0.206500, error 0.070752
Sample 215000 0.01s, lr 46.9012, train cost 0.206193, error 0.070553
Sample 220000 0.01s, lr 46.2796, train cost 0.205849, error 0.070495
Sample 225000 0.01s, lr 46.2392, train cost 0.205567, error 0.070467
Sample 230000 0.01s, lr 46.5930, train cost 0.205323, error 0.070326
Sample 235000 0.01s, lr 46.2361, train cost 0.204877, error 0.070200
Sample 240000 0.01s, lr 46.4016, train cost 0.204976, error 0.070225
Sample 245000 0.01s, lr 46.7772, train cost 0.204864, error 0.070229
Sample 250000 0.01s, lr 46.4159, train cost 0.204832, error 0.070144
Sample 255000 0.01s, lr 46.3459, train cost 0.204649, error 0.070098
Sample 260000 0.01s, lr 46.9514, train cost 0.204217, error 0.069885
Sample 265000 0.01s, lr 46.1492, train cost 0.204087, error 0.069879
Sample 270000 0.01s, lr 46.6133, train cost 0.204101, error 0.069904
Sample 275000 0.01s, lr 47.6762, train cost 0.203674, error 0.069785
Sample 280000 0.01s, lr 47.2440, train cost 0.203332, error 0.069668
Sample 285000 0.01s, lr 46.1875, train cost 0.203044, error 0.069540
Sample 290000 0.01s, lr 47.0086, train cost 0.202977, error 0.069517
Sample 295000 0.01s, lr 46.5449, train cost 0.202835, error 0.069475
Sample 300000 0.01s, lr 46.1370, train cost 0.202644, error 0.069413
***dev cost 0.581717, error 0.159797
Sample 305000 0.01s, lr 70.4139, train cost 0.202489, error 0.069348
Sample 310000 0.01s, lr 46.7571, train cost 0.202276, error 0.069274
Sample 315000 0.01s, lr 47.0057, train cost 0.202217, error 0.069257
Sample 320000 0.01s, lr 46.6940, train cost 0.202003, error 0.069266
Sample 325000 0.01s, lr 45.8681, train cost 0.201691, error 0.069123
Sample 330000 0.01s, lr 46.0068, train cost 0.201779, error 0.069191
Sample 335000 0.01s, lr 46.7896, train cost 0.201605, error 0.069104
Sample 340000 0.01s, lr 46.1388, train cost 0.201262, error 0.069021
Sample 345000 0.01s, lr 46.3111, train cost 0.201022, error 0.068957
Sample 350000 0.01s, lr 46.6089, train cost 0.200698, error 0.068837
Sample 355000 0.01s, lr 46.3596, train cost 0.200446, error 0.068693
Sample 360000 0.01s, lr 46.5067, train cost 0.200223, error 0.068597
Sample 365000 0.01s, lr 46.8727, train cost 0.200024, error 0.068575
Sample 370000 0.01s, lr 45.9245, train cost 0.199716, error 0.068465
Sample 375000 0.01s, lr 45.7740, train cost 0.199294, error 0.068299
Sample 380000 0.01s, lr 46.5249, train cost 0.199116, error 0.068221
Sample 385000 0.01s, lr 45.7980, train cost 0.198990, error 0.068166
Sample 390000 0.01s, lr 45.8207, train cost 0.198767, error 0.068110
Sample 395000 0.01s, lr 47.0469, train cost 0.198829, error 0.068139
Sample 400000 0.01s, lr 46.2648, train cost 0.198657, error 0.068087
***dev cost 0.582061, error 0.157259
Sample 405000 0.01s, lr 71.3381, train cost 0.198538, error 0.068007
Sample 410000 0.01s, lr 45.9324, train cost 0.198482, error 0.067980
Sample 415000 0.01s, lr 46.4851, train cost 0.198354, error 0.067937
Sample 420000 0.01s, lr 46.3892, train cost 0.198215, error 0.067900
Sample 425000 0.01s, lr 45.7943, train cost 0.198076, error 0.067856
Sample 430000 0.01s, lr 46.0852, train cost 0.197906, error 0.067795
Sample 435000 0.01s, lr 47.3108, train cost 0.197808, error 0.067749
Sample 440000 0.01s, lr 45.8784, train cost 0.197718, error 0.067743
Sample 445000 0.01s, lr 46.9953, train cost 0.197586, error 0.067679
Sample 450000 0.01s, lr 46.1483, train cost 0.197337, error 0.067551
Sample 455000 0.01s, lr 46.9482, train cost 0.197181, error 0.067457
Sample 460000 0.01s, lr 46.1294, train cost 0.196908, error 0.067354
Sample 465000 0.01s, lr 46.1725, train cost 0.196752, error 0.067310
Sample 470000 0.01s, lr 46.6486, train cost 0.196584, error 0.067262
Sample 475000 0.01s, lr 45.9687, train cost 0.196586, error 0.067238
Sample 480000 0.01s, lr 46.1483, train cost 0.196579, error 0.067237
Sample 485000 0.01s, lr 46.5097, train cost 0.196399, error 0.067171
Sample 490000 0.01s, lr 46.6534, train cost 0.196350, error 0.067184
Sample 495000 0.01s, lr 46.3981, train cost 0.196228, error 0.067154
Sample 500000 0.01s, lr 46.7569, train cost 0.195967, error 0.067036
***dev cost 0.579059, error 0.154416
Sample 505000 0.01s, lr 71.7117, train cost 0.195819, error 0.066990
Sample 510000 0.01s, lr 46.0943, train cost 0.195642, error 0.066929
Sample 515000 0.01s, lr 45.6059, train cost 0.195501, error 0.066885
Sample 520000 0.01s, lr 46.4409, train cost 0.195375, error 0.066858
Sample 525000 0.01s, lr 46.2739, train cost 0.195262, error 0.066817
Sample 530000 0.01s, lr 46.7583, train cost 0.195130, error 0.066768
Sample 535000 0.01s, lr 46.5338, train cost 0.194861, error 0.066684
Sample 540000 0.01s, lr 46.8969, train cost 0.194644, error 0.066613
Sample 545000 0.01s, lr 46.7847, train cost 0.194416, error 0.066534
epoch 6, cost: train 0.194295 dev 0.604938 test 0.618452;
         error train 0.066456 dev 0.157868 test 0.159797
Sample 5000 0.01s, lr 45.7821, train cost 0.176410, error 0.057000
Sample 10000 0.01s, lr 46.6553, train cost 0.171251, error 0.055800
Sample 15000 0.01s, lr 46.7145, train cost 0.174775, error 0.058333
Sample 20000 0.01s, lr 46.1705, train cost 0.174562, error 0.058700
Sample 25000 0.01s, lr 46.1548, train cost 0.174024, error 0.058760
Sample 30000 0.01s, lr 45.9268, train cost 0.174258, error 0.059367
Sample 35000 0.01s, lr 46.7019, train cost 0.174991, error 0.059943
Sample 40000 0.01s, lr 46.2101, train cost 0.174357, error 0.059725
Sample 45000 0.01s, lr 46.5276, train cost 0.174575, error 0.059511
Sample 50000 0.01s, lr 45.4069, train cost 0.173111, error 0.058680
Sample 55000 0.01s, lr 46.0135, train cost 0.171706, error 0.058291
Sample 60000 0.01s, lr 45.7477, train cost 0.171177, error 0.058050
Sample 65000 0.01s, lr 45.5641, train cost 0.171033, error 0.058015
Sample 70000 0.01s, lr 46.3828, train cost 0.171405, error 0.058186
Sample 75000 0.01s, lr 45.4729, train cost 0.170150, error 0.057667
Sample 80000 0.01s, lr 45.9429, train cost 0.168973, error 0.057162
Sample 85000 0.01s, lr 46.6114, train cost 0.168520, error 0.057082
Sample 90000 0.01s, lr 46.1494, train cost 0.168970, error 0.057189
Sample 95000 0.01s, lr 46.1979, train cost 0.168642, error 0.057105
Sample 100000 0.01s, lr 46.2647, train cost 0.168405, error 0.057010
***dev cost 0.630661, error 0.154213
Sample 105000 0.01s, lr 70.6843, train cost 0.168615, error 0.056971
Sample 110000 0.01s, lr 46.2604, train cost 0.168825, error 0.057036
Sample 115000 0.01s, lr 45.9896, train cost 0.168459, error 0.056922
Sample 120000 0.01s, lr 46.6386, train cost 0.168600, error 0.056842
Sample 125000 0.01s, lr 46.7796, train cost 0.168653, error 0.057032
Sample 130000 0.01s, lr 46.6821, train cost 0.168489, error 0.057062
Sample 135000 0.01s, lr 46.7703, train cost 0.168281, error 0.056948
Sample 140000 0.01s, lr 46.2439, train cost 0.167775, error 0.056779
Sample 145000 0.01s, lr 45.5679, train cost 0.167822, error 0.056876
Sample 150000 0.01s, lr 46.5906, train cost 0.167718, error 0.056827
Sample 155000 0.01s, lr 46.2105, train cost 0.167748, error 0.056613
Sample 160000 0.01s, lr 45.9327, train cost 0.167602, error 0.056575
Sample 165000 0.01s, lr 45.8770, train cost 0.167969, error 0.056648
Sample 170000 0.01s, lr 45.8608, train cost 0.167695, error 0.056512
Sample 175000 0.01s, lr 46.1840, train cost 0.167629, error 0.056554
Sample 180000 0.01s, lr 45.9011, train cost 0.167549, error 0.056594
Sample 185000 0.01s, lr 47.1159, train cost 0.167087, error 0.056416
Sample 190000 0.01s, lr 45.9713, train cost 0.166676, error 0.056279
Sample 195000 0.01s, lr 47.1765, train cost 0.166350, error 0.056210
Sample 200000 0.01s, lr 46.3378, train cost 0.166110, error 0.056085
***dev cost 0.642417, error 0.155431
Sample 205000 0.01s, lr 71.3326, train cost 0.166022, error 0.056102
Sample 210000 0.01s, lr 46.4015, train cost 0.166106, error 0.056176
Sample 215000 0.01s, lr 46.9187, train cost 0.166107, error 0.056251
Sample 220000 0.01s, lr 46.2893, train cost 0.165866, error 0.056159
Sample 225000 0.01s, lr 46.2240, train cost 0.165563, error 0.056000
Sample 230000 0.01s, lr 46.5665, train cost 0.165393, error 0.055917
Sample 235000 0.01s, lr 46.2460, train cost 0.165214, error 0.055877
Sample 240000 0.01s, lr 46.3746, train cost 0.165177, error 0.055796
Sample 245000 0.01s, lr 46.7835, train cost 0.165145, error 0.055800
Sample 250000 0.01s, lr 46.3772, train cost 0.165215, error 0.055800
Sample 255000 0.01s, lr 46.3487, train cost 0.165227, error 0.055784
Sample 260000 0.01s, lr 46.9514, train cost 0.164843, error 0.055650
Sample 265000 0.01s, lr 46.1577, train cost 0.164759, error 0.055683
Sample 270000 0.01s, lr 46.5762, train cost 0.164750, error 0.055674
Sample 275000 0.01s, lr 47.6734, train cost 0.164387, error 0.055513
Sample 280000 0.01s, lr 47.3217, train cost 0.164168, error 0.055479
Sample 285000 0.01s, lr 46.1843, train cost 0.163876, error 0.055425
Sample 290000 0.01s, lr 47.0296, train cost 0.163911, error 0.055410
Sample 295000 0.01s, lr 46.5289, train cost 0.163733, error 0.055302
Sample 300000 0.01s, lr 46.1292, train cost 0.163595, error 0.055243
***dev cost 0.671861, error 0.161015
Sample 305000 0.01s, lr 70.2367, train cost 0.163470, error 0.055154
Sample 310000 0.01s, lr 46.7194, train cost 0.163292, error 0.055113
Sample 315000 0.01s, lr 46.9891, train cost 0.163237, error 0.055089
Sample 320000 0.01s, lr 46.7067, train cost 0.163046, error 0.054978
Sample 325000 0.01s, lr 45.8148, train cost 0.162820, error 0.054840
Sample 330000 0.01s, lr 45.9962, train cost 0.162825, error 0.054900
Sample 335000 0.01s, lr 46.7782, train cost 0.162710, error 0.054866
Sample 340000 0.01s, lr 46.1331, train cost 0.162429, error 0.054753
Sample 345000 0.01s, lr 46.3344, train cost 0.162214, error 0.054725
Sample 350000 0.01s, lr 46.5956, train cost 0.161890, error 0.054631
Sample 355000 0.01s, lr 46.3544, train cost 0.161776, error 0.054577
Sample 360000 0.01s, lr 46.5299, train cost 0.161633, error 0.054528
Sample 365000 0.01s, lr 46.8230, train cost 0.161494, error 0.054515
Sample 370000 0.01s, lr 45.9383, train cost 0.161178, error 0.054378
Sample 375000 0.01s, lr 45.8159, train cost 0.160901, error 0.054299
Sample 380000 0.01s, lr 46.5604, train cost 0.160648, error 0.054145
Sample 385000 0.01s, lr 45.7824, train cost 0.160585, error 0.054106
Sample 390000 0.01s, lr 45.8277, train cost 0.160443, error 0.054031
Sample 395000 0.01s, lr 47.0302, train cost 0.160420, error 0.054038
Sample 400000 0.01s, lr 46.2731, train cost 0.160168, error 0.053948
***dev cost 0.669100, error 0.155635
Sample 405000 0.01s, lr 71.6258, train cost 0.160113, error 0.053931
Sample 410000 0.01s, lr 45.9314, train cost 0.160015, error 0.053888
Sample 415000 0.01s, lr 46.5177, train cost 0.159898, error 0.053824
Sample 420000 0.01s, lr 46.3447, train cost 0.159737, error 0.053733
Sample 425000 0.01s, lr 45.8078, train cost 0.159636, error 0.053694
Sample 430000 0.01s, lr 46.0844, train cost 0.159487, error 0.053644
Sample 435000 0.01s, lr 47.3013, train cost 0.159337, error 0.053577
Sample 440000 0.01s, lr 45.8935, train cost 0.159123, error 0.053514
Sample 445000 0.01s, lr 46.9898, train cost 0.158960, error 0.053461
Sample 450000 0.01s, lr 46.1358, train cost 0.158774, error 0.053380
Sample 455000 0.01s, lr 46.9423, train cost 0.158686, error 0.053367
Sample 460000 0.01s, lr 46.1021, train cost 0.158551, error 0.053300
Sample 465000 0.01s, lr 46.1595, train cost 0.158428, error 0.053215
Sample 470000 0.01s, lr 46.6556, train cost 0.158351, error 0.053215
Sample 475000 0.01s, lr 45.9635, train cost 0.158417, error 0.053219
Sample 480000 0.01s, lr 46.1602, train cost 0.158350, error 0.053208
Sample 485000 0.01s, lr 46.4860, train cost 0.158112, error 0.053128
Sample 490000 0.01s, lr 46.6328, train cost 0.157937, error 0.053086
Sample 495000 0.01s, lr 46.3786, train cost 0.157820, error 0.053042
Sample 500000 0.01s, lr 46.8037, train cost 0.157607, error 0.052948
***dev cost 0.656548, error 0.156447
Sample 505000 0.01s, lr 71.4862, train cost 0.157475, error 0.052871
Sample 510000 0.01s, lr 46.1057, train cost 0.157332, error 0.052816
Sample 515000 0.01s, lr 45.6258, train cost 0.157267, error 0.052784
Sample 520000 0.01s, lr 46.4403, train cost 0.157086, error 0.052731
Sample 525000 0.01s, lr 46.2678, train cost 0.156862, error 0.052625
Sample 530000 0.01s, lr 46.7352, train cost 0.156771, error 0.052602
Sample 535000 0.01s, lr 46.5454, train cost 0.156545, error 0.052527
Sample 540000 0.01s, lr 46.8557, train cost 0.156355, error 0.052465
Sample 545000 0.01s, lr 46.7879, train cost 0.156075, error 0.052378
epoch 7, cost: train 0.155997 dev 0.682897 test 0.697944;
         error train 0.052335 dev 0.157868 test 0.159594
Sample 5000 0.01s, lr 45.8066, train cost 0.142803, error 0.047600
Sample 10000 0.01s, lr 46.6819, train cost 0.140992, error 0.047700
Sample 15000 0.01s, lr 46.7567, train cost 0.141520, error 0.048667
Sample 20000 0.01s, lr 46.1790, train cost 0.142520, error 0.049050
Sample 25000 0.01s, lr 46.1553, train cost 0.141751, error 0.048200
Sample 30000 0.01s, lr 45.9397, train cost 0.141688, error 0.048100
Sample 35000 0.01s, lr 46.7732, train cost 0.141021, error 0.047457
Sample 40000 0.01s, lr 46.2279, train cost 0.140323, error 0.047075
Sample 45000 0.01s, lr 46.5611, train cost 0.140736, error 0.046978
Sample 50000 0.01s, lr 45.4278, train cost 0.140277, error 0.046860
Sample 55000 0.01s, lr 46.0535, train cost 0.138531, error 0.046236
Sample 60000 0.01s, lr 45.8111, train cost 0.137805, error 0.045867
Sample 65000 0.01s, lr 45.5497, train cost 0.137868, error 0.045862
Sample 70000 0.01s, lr 46.3948, train cost 0.137953, error 0.045971
Sample 75000 0.01s, lr 45.4930, train cost 0.137178, error 0.045813
Sample 80000 0.01s, lr 45.9638, train cost 0.136551, error 0.045387
Sample 85000 0.01s, lr 46.6201, train cost 0.136277, error 0.045365
Sample 90000 0.01s, lr 46.1431, train cost 0.136297, error 0.045378
Sample 95000 0.01s, lr 46.2132, train cost 0.135783, error 0.045168
Sample 100000 0.01s, lr 46.2869, train cost 0.135148, error 0.045110
***dev cost 0.710935, error 0.155330
Sample 105000 0.01s, lr 70.8960, train cost 0.135210, error 0.045095
Sample 110000 0.01s, lr 46.2952, train cost 0.135128, error 0.045091
Sample 115000 0.01s, lr 45.9954, train cost 0.135354, error 0.045174
Sample 120000 0.01s, lr 46.6532, train cost 0.135825, error 0.045367
Sample 125000 0.01s, lr 46.7939, train cost 0.135993, error 0.045392
Sample 130000 0.01s, lr 46.7575, train cost 0.135658, error 0.045215
Sample 135000 0.01s, lr 46.7929, train cost 0.135448, error 0.045081
Sample 140000 0.01s, lr 46.2410, train cost 0.135023, error 0.044871
Sample 145000 0.01s, lr 45.5888, train cost 0.135118, error 0.044848
Sample 150000 0.01s, lr 46.6144, train cost 0.135304, error 0.044927
Sample 155000 0.01s, lr 46.2448, train cost 0.135474, error 0.045013
Sample 160000 0.01s, lr 45.9598, train cost 0.135305, error 0.044981
Sample 165000 0.01s, lr 45.8812, train cost 0.135518, error 0.045036
Sample 170000 0.01s, lr 45.8892, train cost 0.135331, error 0.044941
Sample 175000 0.01s, lr 46.2302, train cost 0.134943, error 0.044743
Sample 180000 0.01s, lr 45.9160, train cost 0.134737, error 0.044706
Sample 185000 0.01s, lr 47.0812, train cost 0.134575, error 0.044735
Sample 190000 0.01s, lr 45.9932, train cost 0.134222, error 0.044589
Sample 195000 0.01s, lr 47.2324, train cost 0.134017, error 0.044569
Sample 200000 0.01s, lr 46.3382, train cost 0.133450, error 0.044370
***dev cost 0.726062, error 0.155431
Sample 205000 0.01s, lr 71.5866, train cost 0.133506, error 0.044429
Sample 210000 0.01s, lr 46.3961, train cost 0.133416, error 0.044324
Sample 215000 0.01s, lr 46.9359, train cost 0.133268, error 0.044251
Sample 220000 0.01s, lr 46.3176, train cost 0.133222, error 0.044173
Sample 225000 0.01s, lr 46.3027, train cost 0.133047, error 0.044071
Sample 230000 0.01s, lr 46.6068, train cost 0.133026, error 0.044083
Sample 235000 0.01s, lr 46.2191, train cost 0.132782, error 0.044013
Sample 240000 0.01s, lr 46.4165, train cost 0.132761, error 0.043967
Sample 245000 0.01s, lr 46.8177, train cost 0.132761, error 0.043935
Sample 250000 0.01s, lr 46.4350, train cost 0.132769, error 0.043924
Sample 255000 0.01s, lr 46.3831, train cost 0.132798, error 0.043902
Sample 260000 0.01s, lr 46.9655, train cost 0.132541, error 0.043800
Sample 265000 0.01s, lr 46.1891, train cost 0.132487, error 0.043830
Sample 270000 0.01s, lr 46.5974, train cost 0.132498, error 0.043822
Sample 275000 0.01s, lr 47.6967, train cost 0.132219, error 0.043705
Sample 280000 0.01s, lr 47.2680, train cost 0.132003, error 0.043629
Sample 285000 0.01s, lr 46.2178, train cost 0.131802, error 0.043582
Sample 290000 0.01s, lr 47.0419, train cost 0.131769, error 0.043528
Sample 295000 0.01s, lr 46.5692, train cost 0.131704, error 0.043505
Sample 300000 0.01s, lr 46.1230, train cost 0.131733, error 0.043520
***dev cost 0.746128, error 0.160914
Sample 305000 0.01s, lr 70.4019, train cost 0.131637, error 0.043498
Sample 310000 0.01s, lr 46.7524, train cost 0.131355, error 0.043381
Sample 315000 0.01s, lr 47.0151, train cost 0.131262, error 0.043337
Sample 320000 0.01s, lr 46.7853, train cost 0.131070, error 0.043297
Sample 325000 0.01s, lr 45.8772, train cost 0.130765, error 0.043182
Sample 330000 0.01s, lr 45.9878, train cost 0.130779, error 0.043179
Sample 335000 0.01s, lr 46.8100, train cost 0.130665, error 0.043152
Sample 340000 0.01s, lr 46.1597, train cost 0.130435, error 0.043059
Sample 345000 0.01s, lr 46.3617, train cost 0.130277, error 0.043003
Sample 350000 0.01s, lr 46.6370, train cost 0.129971, error 0.042917
Sample 355000 0.01s, lr 46.3654, train cost 0.129851, error 0.042845
Sample 360000 0.01s, lr 46.5204, train cost 0.129785, error 0.042828
Sample 365000 0.01s, lr 46.8556, train cost 0.129679, error 0.042775
Sample 370000 0.01s, lr 45.9695, train cost 0.129404, error 0.042684
Sample 375000 0.01s, lr 45.7691, train cost 0.129187, error 0.042603
Sample 380000 0.01s, lr 46.5534, train cost 0.129121, error 0.042574
Sample 385000 0.01s, lr 45.8238, train cost 0.129049, error 0.042530
Sample 390000 0.01s, lr 45.8572, train cost 0.128879, error 0.042441
Sample 395000 0.01s, lr 47.0554, train cost 0.128794, error 0.042433
Sample 400000 0.01s, lr 46.2934, train cost 0.128712, error 0.042428
***dev cost 0.749337, error 0.157868
Sample 405000 0.01s, lr 71.3412, train cost 0.128600, error 0.042393
Sample 410000 0.01s, lr 46.0033, train cost 0.128580, error 0.042385
Sample 415000 0.01s, lr 46.5421, train cost 0.128498, error 0.042352
Sample 420000 0.01s, lr 46.4019, train cost 0.128432, error 0.042338
Sample 425000 0.01s, lr 45.8116, train cost 0.128454, error 0.042344
Sample 430000 0.01s, lr 46.1126, train cost 0.128298, error 0.042295
Sample 435000 0.01s, lr 47.3306, train cost 0.128255, error 0.042255
Sample 440000 0.01s, lr 45.9291, train cost 0.128225, error 0.042239
Sample 445000 0.01s, lr 47.0385, train cost 0.128153, error 0.042193
Sample 450000 0.01s, lr 46.1434, train cost 0.128019, error 0.042160
Sample 455000 0.01s, lr 46.9988, train cost 0.127894, error 0.042116
Sample 460000 0.01s, lr 46.1364, train cost 0.127791, error 0.042074
Sample 465000 0.01s, lr 46.2177, train cost 0.127667, error 0.041994
Sample 470000 0.01s, lr 46.6772, train cost 0.127630, error 0.041972
Sample 475000 0.01s, lr 45.9926, train cost 0.127601, error 0.041939
Sample 480000 0.01s, lr 46.2224, train cost 0.127546, error 0.041908
Sample 485000 0.01s, lr 46.5417, train cost 0.127374, error 0.041843
Sample 490000 0.01s, lr 46.6775, train cost 0.127252, error 0.041796
Sample 495000 0.01s, lr 46.4087, train cost 0.127216, error 0.041770
Sample 500000 0.01s, lr 46.8011, train cost 0.127114, error 0.041724
***dev cost 0.746807, error 0.157665
Sample 505000 0.01s, lr 71.7370, train cost 0.127055, error 0.041719
Sample 510000 0.01s, lr 46.1169, train cost 0.127032, error 0.041720
Sample 515000 0.01s, lr 45.6687, train cost 0.126957, error 0.041683
Sample 520000 0.01s, lr 46.4865, train cost 0.126902, error 0.041646
Sample 525000 0.01s, lr 46.3003, train cost 0.126747, error 0.041604
Sample 530000 0.01s, lr 46.7852, train cost 0.126639, error 0.041572
Sample 535000 0.01s, lr 46.5946, train cost 0.126470, error 0.041508
Sample 540000 0.01s, lr 46.9111, train cost 0.126357, error 0.041452
Sample 545000 0.01s, lr 46.7761, train cost 0.126232, error 0.041415
epoch 8, cost: train 0.126175 dev 0.756465 test 0.758649;
         error train 0.041389 dev 0.155939 test 0.160305
Sample 5000 0.01s, lr 45.8055, train cost 0.124028, error 0.037000
Sample 10000 0.01s, lr 46.6991, train cost 0.116539, error 0.037500
Sample 15000 0.01s, lr 46.7715, train cost 0.117429, error 0.037533
Sample 20000 0.01s, lr 46.2301, train cost 0.115757, error 0.036750
Sample 25000 0.01s, lr 46.1966, train cost 0.115505, error 0.037320
Sample 30000 0.01s, lr 45.9735, train cost 0.115655, error 0.037600
Sample 35000 0.01s, lr 46.7813, train cost 0.115013, error 0.037200
Sample 40000 0.01s, lr 46.2716, train cost 0.114895, error 0.036975
Sample 45000 0.01s, lr 46.6529, train cost 0.115239, error 0.037044
Sample 50000 0.01s, lr 45.4553, train cost 0.114577, error 0.036840
Sample 55000 0.01s, lr 46.0925, train cost 0.113948, error 0.036564
Sample 60000 0.01s, lr 45.8417, train cost 0.113282, error 0.036383
Sample 65000 0.01s, lr 45.6049, train cost 0.113298, error 0.036385
Sample 70000 0.01s, lr 46.4345, train cost 0.113039, error 0.036429
Sample 75000 0.01s, lr 45.5554, train cost 0.112640, error 0.036293
Sample 80000 0.01s, lr 46.0318, train cost 0.112091, error 0.035925
Sample 85000 0.01s, lr 46.6870, train cost 0.111582, error 0.035765
Sample 90000 0.01s, lr 46.1639, train cost 0.111691, error 0.035811
Sample 95000 0.01s, lr 46.2837, train cost 0.111575, error 0.035674
Sample 100000 0.01s, lr 46.3072, train cost 0.111290, error 0.035480
***dev cost 0.791040, error 0.156751
Sample 105000 0.01s, lr 70.8323, train cost 0.111211, error 0.035352
Sample 110000 0.01s, lr 46.3474, train cost 0.111541, error 0.035382
Sample 115000 0.01s, lr 46.0418, train cost 0.111464, error 0.035426
Sample 120000 0.01s, lr 46.6933, train cost 0.111216, error 0.035242
Sample 125000 0.01s, lr 46.8182, train cost 0.110924, error 0.035168
Sample 130000 0.01s, lr 46.7588, train cost 0.110720, error 0.035169
Sample 135000 0.01s, lr 46.8224, train cost 0.110581, error 0.035074
Sample 140000 0.01s, lr 46.3305, train cost 0.110083, error 0.034936
Sample 145000 0.01s, lr 45.6079, train cost 0.110119, error 0.034966
Sample 150000 0.01s, lr 46.6516, train cost 0.109986, error 0.034867
Sample 155000 0.01s, lr 46.2668, train cost 0.110270, error 0.034948
Sample 160000 0.01s, lr 46.0068, train cost 0.110067, error 0.034794
Sample 165000 0.01s, lr 45.8989, train cost 0.110192, error 0.034794
Sample 170000 0.01s, lr 45.9211, train cost 0.110090, error 0.034776
Sample 175000 0.01s, lr 46.2676, train cost 0.109805, error 0.034674
Sample 180000 0.01s, lr 45.9635, train cost 0.109823, error 0.034700
Sample 185000 0.01s, lr 47.1055, train cost 0.109451, error 0.034605
Sample 190000 0.01s, lr 46.0294, train cost 0.109163, error 0.034537
Sample 195000 0.01s, lr 47.2555, train cost 0.108827, error 0.034441
Sample 200000 0.01s, lr 46.4128, train cost 0.108617, error 0.034360
***dev cost 0.814449, error 0.156751
Sample 205000 0.01s, lr 71.3906, train cost 0.108413, error 0.034307
Sample 210000 0.01s, lr 46.4438, train cost 0.108362, error 0.034281
Sample 215000 0.01s, lr 46.9426, train cost 0.108379, error 0.034284
Sample 220000 0.01s, lr 46.3354, train cost 0.108230, error 0.034200
Sample 225000 0.01s, lr 46.2911, train cost 0.108040, error 0.034142
Sample 230000 0.01s, lr 46.6523, train cost 0.107908, error 0.034087
Sample 235000 0.01s, lr 46.3284, train cost 0.107855, error 0.034038
Sample 240000 0.01s, lr 46.4073, train cost 0.107774, error 0.034017
Sample 245000 0.01s, lr 46.9514, train cost 0.107775, error 0.034041
Sample 250000 0.01s, lr 46.3532, train cost 0.107750, error 0.034088
Sample 255000 0.01s, lr 46.3311, train cost 0.107710, error 0.034043
Sample 260000 0.01s, lr 46.9104, train cost 0.107564, error 0.033988
Sample 265000 0.01s, lr 46.1292, train cost 0.107290, error 0.033864
Sample 270000 0.01s, lr 46.5612, train cost 0.107398, error 0.033889
Sample 275000 0.01s, lr 47.6410, train cost 0.107028, error 0.033709
Sample 280000 0.01s, lr 47.2451, train cost 0.106948, error 0.033696
Sample 285000 0.01s, lr 46.1493, train cost 0.106739, error 0.033628
Sample 290000 0.01s, lr 46.9913, train cost 0.106679, error 0.033603
Sample 295000 0.01s, lr 46.4978, train cost 0.106674, error 0.033631
Sample 300000 0.01s, lr 46.0861, train cost 0.106527, error 0.033630
***dev cost 0.829574, error 0.159898
Sample 305000 0.01s, lr 70.1721, train cost 0.106501, error 0.033662
Sample 310000 0.01s, lr 46.7097, train cost 0.106382, error 0.033616
Sample 315000 0.01s, lr 46.9502, train cost 0.106367, error 0.033600
Sample 320000 0.01s, lr 46.6844, train cost 0.106107, error 0.033509
Sample 325000 0.01s, lr 45.7971, train cost 0.106059, error 0.033483
Sample 330000 0.01s, lr 45.9563, train cost 0.106091, error 0.033500
Sample 335000 0.01s, lr 46.8056, train cost 0.106076, error 0.033466
Sample 340000 0.01s, lr 46.1036, train cost 0.105919, error 0.033406
Sample 345000 0.01s, lr 46.2972, train cost 0.105723, error 0.033304
Sample 350000 0.01s, lr 46.5923, train cost 0.105624, error 0.033251
Sample 355000 0.01s, lr 46.3263, train cost 0.105559, error 0.033211
Sample 360000 0.01s, lr 46.4642, train cost 0.105449, error 0.033164
Sample 365000 0.01s, lr 46.8201, train cost 0.105319, error 0.033123
Sample 370000 0.01s, lr 45.9036, train cost 0.105165, error 0.033084
Sample 375000 0.01s, lr 45.7081, train cost 0.105088, error 0.033064
Sample 380000 0.01s, lr 46.4867, train cost 0.104962, error 0.033029
Sample 385000 0.01s, lr 45.7622, train cost 0.104982, error 0.032992
Sample 390000 0.01s, lr 45.8142, train cost 0.104865, error 0.032974
Sample 395000 0.01s, lr 46.9977, train cost 0.104794, error 0.032954
Sample 400000 0.01s, lr 46.2394, train cost 0.104788, error 0.032957
***dev cost 0.829042, error 0.155635
Sample 405000 0.01s, lr 71.0914, train cost 0.104798, error 0.032963
Sample 410000 0.01s, lr 45.8749, train cost 0.104792, error 0.032961
Sample 415000 0.01s, lr 46.4896, train cost 0.104777, error 0.032959
Sample 420000 0.01s, lr 46.3287, train cost 0.104616, error 0.032886
Sample 425000 0.01s, lr 45.7733, train cost 0.104593, error 0.032868
Sample 430000 0.01s, lr 46.0988, train cost 0.104449, error 0.032823
Sample 435000 0.01s, lr 47.2431, train cost 0.104438, error 0.032818
Sample 440000 0.01s, lr 45.8704, train cost 0.104330, error 0.032789
Sample 445000 0.01s, lr 47.0109, train cost 0.104268, error 0.032771
Sample 450000 0.01s, lr 46.1042, train cost 0.104174, error 0.032736
Sample 455000 0.01s, lr 46.8927, train cost 0.104155, error 0.032710
Sample 460000 0.01s, lr 46.0826, train cost 0.104049, error 0.032665
Sample 465000 0.01s, lr 46.1744, train cost 0.104037, error 0.032639
Sample 470000 0.01s, lr 46.6142, train cost 0.104039, error 0.032672
Sample 475000 0.01s, lr 45.9163, train cost 0.103985, error 0.032646
Sample 480000 0.01s, lr 46.1544, train cost 0.103954, error 0.032619
Sample 485000 0.01s, lr 46.4584, train cost 0.103815, error 0.032571
Sample 490000 0.01s, lr 46.6263, train cost 0.103903, error 0.032612
Sample 495000 0.01s, lr 46.3622, train cost 0.103797, error 0.032578
Sample 500000 0.01s, lr 46.6963, train cost 0.103784, error 0.032576
***dev cost 0.806066, error 0.158883
Sample 505000 0.01s, lr 71.4754, train cost 0.103687, error 0.032533
Sample 510000 0.01s, lr 46.0493, train cost 0.103611, error 0.032490
Sample 515000 0.01s, lr 45.5836, train cost 0.103541, error 0.032460
Sample 520000 0.01s, lr 46.4176, train cost 0.103529, error 0.032452
Sample 525000 0.01s, lr 46.3133, train cost 0.103426, error 0.032434
Sample 530000 0.01s, lr 46.7023, train cost 0.103376, error 0.032440
Sample 535000 0.01s, lr 46.5141, train cost 0.103254, error 0.032364
Sample 540000 0.01s, lr 46.8588, train cost 0.103154, error 0.032300
Sample 545000 0.01s, lr 46.7265, train cost 0.103017, error 0.032240
epoch 9, cost: train 0.102895 dev 0.827581 test 0.838009;
         error train 0.032188 dev 0.156650 test 0.161421
Sample 5000 0.01s, lr 45.7496, train cost 0.102282, error 0.031600
Sample 10000 0.01s, lr 46.6022, train cost 0.092724, error 0.028000
Sample 15000 0.01s, lr 46.7055, train cost 0.089987, error 0.026933
Sample 20000 0.01s, lr 46.1464, train cost 0.091427, error 0.027850
Sample 25000 0.01s, lr 46.1319, train cost 0.090853, error 0.027160
Sample 30000 0.01s, lr 45.8661, train cost 0.091702, error 0.027667
Sample 35000 0.01s, lr 46.6896, train cost 0.091555, error 0.028057
Sample 40000 0.01s, lr 46.1898, train cost 0.092513, error 0.028350
Sample 45000 0.01s, lr 46.5167, train cost 0.092518, error 0.028044
Sample 50000 0.01s, lr 45.3773, train cost 0.092326, error 0.028020
Sample 55000 0.01s, lr 45.9740, train cost 0.091584, error 0.027927
Sample 60000 0.01s, lr 45.8074, train cost 0.091138, error 0.027850
Sample 65000 0.01s, lr 45.5121, train cost 0.090812, error 0.027631
Sample 70000 0.01s, lr 46.3502, train cost 0.090778, error 0.027586
Sample 75000 0.01s, lr 45.4262, train cost 0.090461, error 0.027333
Sample 80000 0.01s, lr 45.9279, train cost 0.089921, error 0.027138
Sample 85000 0.01s, lr 46.5960, train cost 0.089725, error 0.027153
Sample 90000 0.01s, lr 46.1023, train cost 0.089910, error 0.027278
Sample 95000 0.01s, lr 46.1726, train cost 0.089651, error 0.027295
Sample 100000 0.01s, lr 46.2405, train cost 0.089760, error 0.027230
***dev cost 0.848786, error 0.155025
Sample 105000 0.01s, lr 70.7835, train cost 0.089943, error 0.027267
Sample 110000 0.01s, lr 46.2460, train cost 0.089779, error 0.027355
Sample 115000 0.01s, lr 45.9580, train cost 0.089759, error 0.027304
Sample 120000 0.01s, lr 46.6008, train cost 0.089751, error 0.027342
Sample 125000 0.01s, lr 46.7437, train cost 0.089672, error 0.027352
Sample 130000 0.01s, lr 46.6838, train cost 0.089740, error 0.027385
Sample 135000 0.01s, lr 46.7536, train cost 0.089207, error 0.027178
Sample 140000 0.01s, lr 46.2150, train cost 0.088948, error 0.027193
Sample 145000 0.01s, lr 45.5381, train cost 0.089093, error 0.027262
Sample 150000 0.01s, lr 46.5440, train cost 0.089209, error 0.027293
Sample 155000 0.01s, lr 46.2495, train cost 0.089382, error 0.027394
Sample 160000 0.01s, lr 45.9180, train cost 0.089361, error 0.027481
Sample 165000 0.01s, lr 45.8373, train cost 0.089641, error 0.027630
Sample 170000 0.01s, lr 45.8210, train cost 0.089407, error 0.027494
Sample 175000 0.01s, lr 46.1434, train cost 0.089228, error 0.027411
Sample 180000 0.01s, lr 45.8781, train cost 0.089082, error 0.027333
Sample 185000 0.01s, lr 47.0185, train cost 0.088907, error 0.027259
Sample 190000 0.01s, lr 45.9194, train cost 0.088829, error 0.027221
Sample 195000 0.01s, lr 47.1771, train cost 0.088556, error 0.027108
Sample 200000 0.01s, lr 46.3040, train cost 0.088576, error 0.027175
***dev cost 0.879442, error 0.155635
Sample 205000 0.01s, lr 71.4725, train cost 0.088431, error 0.027137
Sample 210000 0.01s, lr 46.3663, train cost 0.088459, error 0.027110
Sample 215000 0.01s, lr 46.8417, train cost 0.088271, error 0.027023
Sample 220000 0.01s, lr 46.2303, train cost 0.088065, error 0.026882
Sample 225000 0.01s, lr 46.2131, train cost 0.087927, error 0.026831
Sample 230000 0.01s, lr 46.5548, train cost 0.087842, error 0.026826
Sample 235000 0.01s, lr 46.1975, train cost 0.087912, error 0.026800
Sample 240000 0.01s, lr 46.3399, train cost 0.087902, error 0.026796
Sample 245000 0.01s, lr 46.7417, train cost 0.088118, error 0.026845
Sample 250000 0.01s, lr 46.4166, train cost 0.088112, error 0.026864
Sample 255000 0.01s, lr 46.3160, train cost 0.088184, error 0.026973
Sample 260000 0.01s, lr 46.9144, train cost 0.088046, error 0.026908
Sample 265000 0.01s, lr 46.1144, train cost 0.087920, error 0.026834
Sample 270000 0.01s, lr 46.5620, train cost 0.087984, error 0.026841
Sample 275000 0.01s, lr 47.6456, train cost 0.087847, error 0.026796
Sample 280000 0.01s, lr 47.2318, train cost 0.087678, error 0.026700
Sample 285000 0.01s, lr 46.1690, train cost 0.087449, error 0.026618
Sample 290000 0.01s, lr 46.9808, train cost 0.087462, error 0.026597
Sample 295000 0.01s, lr 46.5086, train cost 0.087472, error 0.026603
Sample 300000 0.01s, lr 46.0893, train cost 0.087323, error 0.026543
***dev cost 0.918834, error 0.162538
Sample 305000 0.01s, lr 70.3191, train cost 0.087321, error 0.026548
Sample 310000 0.01s, lr 46.7218, train cost 0.087258, error 0.026510
Sample 315000 0.01s, lr 46.9696, train cost 0.087148, error 0.026473
Sample 320000 0.01s, lr 46.6671, train cost 0.087111, error 0.026453
Sample 325000 0.01s, lr 45.8149, train cost 0.086989, error 0.026431
Sample 330000 0.01s, lr 45.9594, train cost 0.087012, error 0.026421
Sample 335000 0.01s, lr 46.7360, train cost 0.086928, error 0.026394
Sample 340000 0.01s, lr 46.1063, train cost 0.086901, error 0.026394
Sample 345000 0.01s, lr 46.3574, train cost 0.086787, error 0.026342
Sample 350000 0.01s, lr 46.5745, train cost 0.086602, error 0.026277
Sample 355000 0.01s, lr 46.3296, train cost 0.086529, error 0.026251
Sample 360000 0.01s, lr 46.4881, train cost 0.086502, error 0.026244
Sample 365000 0.01s, lr 46.8073, train cost 0.086366, error 0.026205
Sample 370000 0.01s, lr 45.9047, train cost 0.086222, error 0.026124
Sample 375000 0.01s, lr 45.7281, train cost 0.086136, error 0.026085
Sample 380000 0.01s, lr 46.5246, train cost 0.086051, error 0.026055
Sample 385000 0.01s, lr 45.7424, train cost 0.086041, error 0.026034
Sample 390000 0.01s, lr 45.8447, train cost 0.085909, error 0.026008
Sample 395000 0.01s, lr 47.0242, train cost 0.085925, error 0.025992
Sample 400000 0.01s, lr 46.2489, train cost 0.085908, error 0.025990
***dev cost 0.910946, error 0.156447
Sample 405000 0.01s, lr 71.2229, train cost 0.085860, error 0.025963
Sample 410000 0.01s, lr 45.9046, train cost 0.085879, error 0.025978
Sample 415000 0.01s, lr 46.4668, train cost 0.085853, error 0.025940
Sample 420000 0.01s, lr 46.3662, train cost 0.085797, error 0.025929
Sample 425000 0.01s, lr 45.7897, train cost 0.085738, error 0.025911
Sample 430000 0.01s, lr 46.0600, train cost 0.085648, error 0.025879
Sample 435000 0.01s, lr 47.2576, train cost 0.085517, error 0.025823
Sample 440000 0.01s, lr 45.9428, train cost 0.085396, error 0.025745
Sample 445000 0.01s, lr 46.9819, train cost 0.085364, error 0.025717
Sample 450000 0.01s, lr 46.1173, train cost 0.085286, error 0.025689
Sample 455000 0.01s, lr 46.9180, train cost 0.085287, error 0.025703
Sample 460000 0.01s, lr 46.0884, train cost 0.085220, error 0.025667
Sample 465000 0.01s, lr 46.1566, train cost 0.085128, error 0.025611
Sample 470000 0.01s, lr 46.6222, train cost 0.085060, error 0.025579
Sample 475000 0.01s, lr 45.9407, train cost 0.085056, error 0.025581
Sample 480000 0.01s, lr 46.1366, train cost 0.085049, error 0.025550
Sample 485000 0.01s, lr 46.5140, train cost 0.084986, error 0.025542
Sample 490000 0.01s, lr 46.6481, train cost 0.084965, error 0.025514
Sample 495000 0.01s, lr 46.3886, train cost 0.084958, error 0.025521
Sample 500000 0.01s, lr 46.7371, train cost 0.084888, error 0.025510
***dev cost 0.879168, error 0.159289
Sample 505000 0.01s, lr 71.6138, train cost 0.084859, error 0.025491
Sample 510000 0.01s, lr 46.0535, train cost 0.084781, error 0.025486
Sample 515000 0.01s, lr 45.6129, train cost 0.084749, error 0.025466
Sample 520000 0.01s, lr 46.4366, train cost 0.084686, error 0.025448
Sample 525000 0.01s, lr 46.2714, train cost 0.084732, error 0.025484
Sample 530000 0.01s, lr 46.7315, train cost 0.084666, error 0.025458
Sample 535000 0.01s, lr 46.5663, train cost 0.084602, error 0.025447
Sample 540000 0.01s, lr 46.8876, train cost 0.084500, error 0.025407
Sample 545000 0.01s, lr 46.7563, train cost 0.084399, error 0.025374
epoch 10, cost: train 0.084349 dev 0.909413 test 0.922701;
         error train 0.025355 dev 0.157259 test 0.164670
Sample 5000 0.01s, lr 45.7361, train cost 0.083545, error 0.026400
Sample 10000 0.01s, lr 46.6321, train cost 0.083599, error 0.025500
Sample 15000 0.01s, lr 46.7103, train cost 0.081297, error 0.024067
Sample 20000 0.01s, lr 46.1481, train cost 0.080727, error 0.024350
Sample 25000 0.01s, lr 46.1121, train cost 0.081313, error 0.024320
Sample 30000 0.01s, lr 45.9107, train cost 0.081483, error 0.024533
Sample 35000 0.01s, lr 46.6792, train cost 0.079895, error 0.023629
Sample 40000 0.01s, lr 46.2069, train cost 0.079215, error 0.023525
Sample 45000 0.01s, lr 46.5308, train cost 0.079684, error 0.023533
Sample 50000 0.01s, lr 45.4070, train cost 0.079493, error 0.023520
Sample 55000 0.01s, lr 46.0022, train cost 0.078584, error 0.023200
Sample 60000 0.01s, lr 45.7480, train cost 0.077903, error 0.022933
Sample 65000 0.01s, lr 45.5266, train cost 0.078080, error 0.022862
Sample 70000 0.01s, lr 46.4017, train cost 0.077967, error 0.022786
Sample 75000 0.01s, lr 45.4619, train cost 0.077551, error 0.022653
Sample 80000 0.01s, lr 45.9185, train cost 0.077355, error 0.022575
Sample 85000 0.01s, lr 46.6008, train cost 0.076974, error 0.022341
Sample 90000 0.01s, lr 46.0814, train cost 0.076872, error 0.022300
Sample 95000 0.01s, lr 46.1934, train cost 0.076659, error 0.022168
Sample 100000 0.01s, lr 46.2397, train cost 0.076881, error 0.022290
***dev cost 0.923053, error 0.158579
Sample 105000 0.01s, lr 70.7049, train cost 0.076995, error 0.022381
Sample 110000 0.01s, lr 46.2510, train cost 0.076915, error 0.022291
Sample 115000 0.01s, lr 45.9534, train cost 0.076585, error 0.022183
Sample 120000 0.01s, lr 46.6217, train cost 0.076371, error 0.022050
Sample 125000 0.01s, lr 46.7638, train cost 0.076286, error 0.021968
Sample 130000 0.01s, lr 46.6739, train cost 0.076095, error 0.021923
Sample 135000 0.01s, lr 46.7348, train cost 0.075775, error 0.021859
Sample 140000 0.01s, lr 46.2215, train cost 0.075300, error 0.021707
Sample 145000 0.01s, lr 45.5562, train cost 0.075287, error 0.021676
Sample 150000 0.01s, lr 46.5808, train cost 0.075567, error 0.021713
Sample 155000 0.01s, lr 46.2039, train cost 0.075674, error 0.021742
Sample 160000 0.01s, lr 45.9485, train cost 0.075707, error 0.021788
Sample 165000 0.01s, lr 45.8697, train cost 0.075810, error 0.021800
Sample 170000 0.01s, lr 45.8618, train cost 0.075892, error 0.021812
Sample 175000 0.01s, lr 46.1732, train cost 0.076089, error 0.021897
Sample 180000 0.01s, lr 45.8991, train cost 0.075970, error 0.021850
Sample 185000 0.01s, lr 47.0187, train cost 0.075750, error 0.021827
Sample 190000 0.01s, lr 45.9450, train cost 0.075533, error 0.021774
Sample 195000 0.01s, lr 47.1833, train cost 0.075414, error 0.021774
Sample 200000 0.01s, lr 46.3181, train cost 0.075301, error 0.021725
***dev cost 0.945601, error 0.152183
Sample 205000 0.01s, lr 71.2760, train cost 0.075240, error 0.021756
Sample 210000 0.01s, lr 46.3667, train cost 0.075292, error 0.021762
Sample 215000 0.01s, lr 46.8615, train cost 0.075304, error 0.021749
Sample 220000 0.01s, lr 46.2714, train cost 0.075095, error 0.021659
Sample 225000 0.01s, lr 46.1983, train cost 0.075137, error 0.021667
Sample 230000 0.01s, lr 46.5718, train cost 0.074958, error 0.021626
Sample 235000 0.01s, lr 46.2026, train cost 0.074726, error 0.021549
Sample 240000 0.01s, lr 46.3405, train cost 0.074679, error 0.021558
Sample 245000 0.01s, lr 46.7651, train cost 0.074630, error 0.021518
Sample 250000 0.01s, lr 46.3535, train cost 0.074715, error 0.021552
Sample 255000 0.01s, lr 46.3460, train cost 0.074770, error 0.021604
Sample 260000 0.01s, lr 46.9768, train cost 0.074723, error 0.021565
Sample 265000 0.01s, lr 46.1291, train cost 0.074772, error 0.021600
Sample 270000 0.01s, lr 46.5490, train cost 0.074787, error 0.021607
Sample 275000 0.01s, lr 47.6526, train cost 0.074667, error 0.021593
Sample 280000 0.01s, lr 47.2261, train cost 0.074702, error 0.021607
Sample 285000 0.01s, lr 46.1679, train cost 0.074555, error 0.021565
Sample 290000 0.01s, lr 47.0086, train cost 0.074415, error 0.021531
Sample 295000 0.01s, lr 46.4982, train cost 0.074429, error 0.021553
Sample 300000 0.01s, lr 46.0912, train cost 0.074473, error 0.021587
***dev cost 0.965955, error 0.158782
Sample 305000 0.01s, lr 70.1761, train cost 0.074525, error 0.021623
Sample 310000 0.01s, lr 46.7264, train cost 0.074408, error 0.021590
Sample 315000 0.01s, lr 46.9895, train cost 0.074204, error 0.021533
Sample 320000 0.01s, lr 46.6901, train cost 0.074086, error 0.021528
Sample 325000 0.01s, lr 45.7975, train cost 0.073985, error 0.021483
Sample 330000 0.01s, lr 45.9826, train cost 0.073979, error 0.021491
Sample 335000 0.01s, lr 46.7710, train cost 0.073879, error 0.021430
Sample 340000 0.01s, lr 46.1255, train cost 0.073752, error 0.021368
Sample 345000 0.01s, lr 46.3116, train cost 0.073665, error 0.021348
Sample 350000 0.01s, lr 46.6002, train cost 0.073493, error 0.021300
Sample 355000 0.01s, lr 46.3883, train cost 0.073438, error 0.021273
Sample 360000 0.01s, lr 46.4780, train cost 0.073435, error 0.021253
Sample 365000 0.01s, lr 46.8048, train cost 0.073325, error 0.021208
Sample 370000 0.01s, lr 45.9164, train cost 0.073232, error 0.021162
Sample 375000 0.01s, lr 45.7278, train cost 0.073162, error 0.021139
Sample 380000 0.01s, lr 46.5211, train cost 0.073088, error 0.021134
Sample 385000 0.01s, lr 45.7699, train cost 0.073019, error 0.021083
Sample 390000 0.01s, lr 45.8106, train cost 0.072921, error 0.021033
Sample 395000 0.01s, lr 46.9948, train cost 0.072877, error 0.021030
Sample 400000 0.01s, lr 46.2701, train cost 0.072841, error 0.021020
***dev cost 0.971584, error 0.157462
Sample 405000 0.01s, lr 71.1192, train cost 0.072862, error 0.021010
Sample 410000 0.01s, lr 45.8970, train cost 0.072841, error 0.020990
Sample 415000 0.01s, lr 46.4944, train cost 0.072744, error 0.020942
Sample 420000 0.01s, lr 46.3304, train cost 0.072731, error 0.020924
Sample 425000 0.01s, lr 45.7924, train cost 0.072679, error 0.020920
Sample 430000 0.01s, lr 46.0469, train cost 0.072692, error 0.020937
Sample 435000 0.01s, lr 47.2493, train cost 0.072614, error 0.020906
Sample 440000 0.01s, lr 45.8745, train cost 0.072531, error 0.020895
Sample 445000 0.01s, lr 47.0259, train cost 0.072446, error 0.020863
Sample 450000 0.01s, lr 46.1636, train cost 0.072393, error 0.020818
Sample 455000 0.01s, lr 46.9162, train cost 0.072363, error 0.020809
Sample 460000 0.01s, lr 46.0982, train cost 0.072388, error 0.020828
Sample 465000 0.01s, lr 46.1479, train cost 0.072279, error 0.020785
Sample 470000 0.01s, lr 46.6321, train cost 0.072223, error 0.020766
Sample 475000 0.01s, lr 45.9636, train cost 0.072260, error 0.020783
Sample 480000 0.01s, lr 46.1543, train cost 0.072200, error 0.020754
Sample 485000 0.01s, lr 46.5053, train cost 0.072195, error 0.020753
Sample 490000 0.01s, lr 46.6458, train cost 0.072107, error 0.020702
Sample 495000 0.01s, lr 46.3770, train cost 0.072048, error 0.020683
Sample 500000 0.01s, lr 46.7387, train cost 0.072022, error 0.020688
***dev cost 0.962054, error 0.160914
Sample 505000 0.01s, lr 71.4955, train cost 0.071999, error 0.020677
Sample 510000 0.01s, lr 46.0709, train cost 0.071962, error 0.020675
Sample 515000 0.01s, lr 45.5909, train cost 0.071935, error 0.020674
Sample 520000 0.01s, lr 46.4307, train cost 0.071908, error 0.020673
Sample 525000 0.01s, lr 46.2570, train cost 0.071850, error 0.020655
Sample 530000 0.01s, lr 46.7482, train cost 0.071799, error 0.020638
Sample 535000 0.01s, lr 46.5595, train cost 0.071799, error 0.020652
Sample 540000 0.01s, lr 46.8623, train cost 0.071699, error 0.020615
Sample 545000 0.01s, lr 46.7855, train cost 0.071663, error 0.020615
epoch 11, cost: train 0.071640 dev 0.979700 test 0.987454;
         error train 0.020604 dev 0.156548 test 0.161726
